{"/Users/macm14/Documents/NXZWAW/nxzwav-294793-react-native/src/packages/blocks/chat/assets/add.png": {"path":"/Users/macm14/Documents/NXZWAW/nxzwav-294793-react-native/src/packages/blocks/chat/assets/add.png","statementMap":{"0":{"start":{"line":1,"column":0},"end":{"line":4,"column":6}}},"fnMap":{},"branchMap":{},"s":{"0":4},"f":{},"b":{},"inputSourceMap":null,"_coverageSchema":"1a1c01bbd47fc00a2c39e90264f33305004495a9","hash":"22c04aa6c7bbe1d92aa2af773f2b071a95cb2214"}
,"/Users/macm14/Documents/NXZWAW/nxzwav-294793-react-native/src/packages/blocks/chat/assets/edit.png": {"path":"/Users/macm14/Documents/NXZWAW/nxzwav-294793-react-native/src/packages/blocks/chat/assets/edit.png","statementMap":{"0":{"start":{"line":1,"column":0},"end":{"line":4,"column":6}}},"fnMap":{},"branchMap":{},"s":{"0":4},"f":{},"b":{},"inputSourceMap":null,"_coverageSchema":"1a1c01bbd47fc00a2c39e90264f33305004495a9","hash":"d70da91c3be9e40d3d7220b2d64bb3ad1c21a4bb"}
,"/Users/macm14/Documents/NXZWAW/nxzwav-294793-react-native/src/packages/blocks/chat/assets/ic_arrow_right_round.png": {"path":"/Users/macm14/Documents/NXZWAW/nxzwav-294793-react-native/src/packages/blocks/chat/assets/ic_arrow_right_round.png","statementMap":{"0":{"start":{"line":1,"column":0},"end":{"line":4,"column":6}}},"fnMap":{},"branchMap":{},"s":{"0":4},"f":{},"b":{},"inputSourceMap":null,"_coverageSchema":"1a1c01bbd47fc00a2c39e90264f33305004495a9","hash":"51a95d8f361a00b4db8990a476a1e685bd3ee8dd"}
,"/Users/macm14/Documents/NXZWAW/nxzwav-294793-react-native/src/packages/blocks/chat/assets/ic_delete.png": {"path":"/Users/macm14/Documents/NXZWAW/nxzwav-294793-react-native/src/packages/blocks/chat/assets/ic_delete.png","statementMap":{"0":{"start":{"line":1,"column":0},"end":{"line":4,"column":6}}},"fnMap":{},"branchMap":{},"s":{"0":4},"f":{},"b":{},"inputSourceMap":null,"_coverageSchema":"1a1c01bbd47fc00a2c39e90264f33305004495a9","hash":"21a950b0192c02ee54e033d3e552baf291a775a5"}
,"/Users/macm14/Documents/NXZWAW/nxzwav-294793-react-native/src/packages/blocks/chat/assets/ic_dm_message_icon.png": {"path":"/Users/macm14/Documents/NXZWAW/nxzwav-294793-react-native/src/packages/blocks/chat/assets/ic_dm_message_icon.png","statementMap":{"0":{"start":{"line":1,"column":0},"end":{"line":4,"column":6}}},"fnMap":{},"branchMap":{},"s":{"0":4},"f":{},"b":{},"inputSourceMap":null,"_coverageSchema":"1a1c01bbd47fc00a2c39e90264f33305004495a9","hash":"7fa10690de680880b823abf9eea78eb6a6d4a15b"}
,"/Users/macm14/Documents/NXZWAW/nxzwav-294793-react-native/src/packages/blocks/chat/assets/ic_message.png": {"path":"/Users/macm14/Documents/NXZWAW/nxzwav-294793-react-native/src/packages/blocks/chat/assets/ic_message.png","statementMap":{"0":{"start":{"line":1,"column":0},"end":{"line":4,"column":6}}},"fnMap":{},"branchMap":{},"s":{"0":4},"f":{},"b":{},"inputSourceMap":null,"_coverageSchema":"1a1c01bbd47fc00a2c39e90264f33305004495a9","hash":"4ea0f98b5a3f693c730ec0d477796ec933b6bce1"}
,"/Users/macm14/Documents/NXZWAW/nxzwav-294793-react-native/src/packages/blocks/chat/assets/ic_new_chat.png": {"path":"/Users/macm14/Documents/NXZWAW/nxzwav-294793-react-native/src/packages/blocks/chat/assets/ic_new_chat.png","statementMap":{"0":{"start":{"line":1,"column":0},"end":{"line":4,"column":6}}},"fnMap":{},"branchMap":{},"s":{"0":4},"f":{},"b":{},"inputSourceMap":null,"_coverageSchema":"1a1c01bbd47fc00a2c39e90264f33305004495a9","hash":"f4224b77c4f0d199c3541bf9ab137e239d9d9f42"}
,"/Users/macm14/Documents/NXZWAW/nxzwav-294793-react-native/src/packages/blocks/chat/assets/ic_radiobutton_default.png": {"path":"/Users/macm14/Documents/NXZWAW/nxzwav-294793-react-native/src/packages/blocks/chat/assets/ic_radiobutton_default.png","statementMap":{"0":{"start":{"line":1,"column":0},"end":{"line":4,"column":6}}},"fnMap":{},"branchMap":{},"s":{"0":4},"f":{},"b":{},"inputSourceMap":null,"_coverageSchema":"1a1c01bbd47fc00a2c39e90264f33305004495a9","hash":"5428d665f5c35dcb406c18ed4169492e4f87eb34"}
,"/Users/macm14/Documents/NXZWAW/nxzwav-294793-react-native/src/packages/blocks/chat/assets/ic_radiobutton_select.png": {"path":"/Users/macm14/Documents/NXZWAW/nxzwav-294793-react-native/src/packages/blocks/chat/assets/ic_radiobutton_select.png","statementMap":{"0":{"start":{"line":1,"column":0},"end":{"line":4,"column":6}}},"fnMap":{},"branchMap":{},"s":{"0":4},"f":{},"b":{},"inputSourceMap":null,"_coverageSchema":"1a1c01bbd47fc00a2c39e90264f33305004495a9","hash":"fa2be90663571f0499e29c34f09caa3cccd12e02"}
,"/Users/macm14/Documents/NXZWAW/nxzwav-294793-react-native/src/packages/blocks/chat/assets/ic_search_black.png": {"path":"/Users/macm14/Documents/NXZWAW/nxzwav-294793-react-native/src/packages/blocks/chat/assets/ic_search_black.png","statementMap":{"0":{"start":{"line":1,"column":0},"end":{"line":4,"column":6}}},"fnMap":{},"branchMap":{},"s":{"0":4},"f":{},"b":{},"inputSourceMap":null,"_coverageSchema":"1a1c01bbd47fc00a2c39e90264f33305004495a9","hash":"9c6f99ca744e89dafd1ec550f57ab1bd928ed2d3"}
,"/Users/macm14/Documents/NXZWAW/nxzwav-294793-react-native/src/packages/blocks/chat/assets/insert_photo.png": {"path":"/Users/macm14/Documents/NXZWAW/nxzwav-294793-react-native/src/packages/blocks/chat/assets/insert_photo.png","statementMap":{"0":{"start":{"line":1,"column":0},"end":{"line":4,"column":6}}},"fnMap":{},"branchMap":{},"s":{"0":4},"f":{},"b":{},"inputSourceMap":null,"_coverageSchema":"1a1c01bbd47fc00a2c39e90264f33305004495a9","hash":"a3318a0635187cb98a920738cbc679dcb8b1a2d7"}
,"/Users/macm14/Documents/NXZWAW/nxzwav-294793-react-native/src/packages/blocks/chat/assets/lock.png": {"path":"/Users/macm14/Documents/NXZWAW/nxzwav-294793-react-native/src/packages/blocks/chat/assets/lock.png","statementMap":{"0":{"start":{"line":1,"column":0},"end":{"line":4,"column":6}}},"fnMap":{},"branchMap":{},"s":{"0":4},"f":{},"b":{},"inputSourceMap":null,"_coverageSchema":"1a1c01bbd47fc00a2c39e90264f33305004495a9","hash":"89bde7144f4dca7d73916fa2fb8c8952559dd16e"}
,"/Users/macm14/Documents/NXZWAW/nxzwav-294793-react-native/src/packages/blocks/chat/assets/red-dollar.png": {"path":"/Users/macm14/Documents/NXZWAW/nxzwav-294793-react-native/src/packages/blocks/chat/assets/red-dollar.png","statementMap":{"0":{"start":{"line":1,"column":0},"end":{"line":4,"column":6}}},"fnMap":{},"branchMap":{},"s":{"0":4},"f":{},"b":{},"inputSourceMap":null,"_coverageSchema":"1a1c01bbd47fc00a2c39e90264f33305004495a9","hash":"26379dc3ca248fb9b89c1c0e03bb566a7070a8f0"}
,"/Users/macm14/Documents/NXZWAW/nxzwav-294793-react-native/src/packages/blocks/chat/src/Chat.tsx": {"path":"/Users/macm14/Documents/NXZWAW/nxzwav-294793-react-native/src/packages/blocks/chat/src/Chat.tsx","statementMap":{"0":{"start":{"line":1,"column":0},"end":{"line":1,"column":26}},"1":{"start":{"line":4,"column":0},"end":{"line":4,"column":null}},"2":{"start":{"line":14,"column":0},"end":{"line":14,"column":97}},"3":{"start":{"line":15,"column":0},"end":{"line":15,"column":92}},"4":{"start":{"line":16,"column":0},"end":{"line":16,"column":50}},"5":{"start":{"line":17,"column":0},"end":{"line":17,"column":48}},"6":{"start":{"line":18,"column":0},"end":{"line":18,"column":94}},"7":{"start":{"line":19,"column":0},"end":{"line":19,"column":86}},"8":{"start":{"line":20,"column":0},"end":{"line":20,"column":61}},"9":{"start":{"line":24,"column":0},"end":{"line":24,"column":76}},"10":{"start":{"line":28,"column":4},"end":{"line":28,"column":17}},"11":{"start":{"line":34,"column":2},"end":{"line":83,"column":null}},"12":{"start":{"line":35,"column":27},"end":{"line":35,"column":88}},"13":{"start":{"line":36,"column":28},"end":{"line":36,"column":87}},"14":{"start":{"line":37,"column":27},"end":{"line":37,"column":79}},"15":{"start":{"line":38,"column":26},"end":{"line":38,"column":85}},"16":{"start":{"line":39,"column":29},"end":{"line":39,"column":84}},"17":{"start":{"line":40,"column":27},"end":{"line":40,"column":71}},"18":{"start":{"line":41,"column":4},"end":{"line":82,"column":6}},"19":{"start":{"line":85,"column":2},"end":{"line":118,"column":4}},"20":{"start":{"line":86,"column":4},"end":{"line":117,"column":null}},"21":{"start":{"line":92,"column":14},"end":{"line":92,"column":71}},"22":{"start":{"line":105,"column":14},"end":{"line":105,"column":70}},"23":{"start":{"line":125,"column":4},"end":{"line":235,"column":6}},"24":{"start":{"line":130,"column":12},"end":{"line":130,"column":32}},"25":{"start":{"line":213,"column":48},"end":{"line":213,"column":83}},"26":{"start":{"line":215,"column":16},"end":{"line":216,"column":null}},"27":{"start":{"line":220,"column":16},"end":{"line":221,"column":null}},"28":{"start":{"line":227,"column":16},"end":{"line":229,"column":null}},"29":{"start":{"line":228,"column":18},"end":{"line":228,"column":null}},"30":{"start":{"line":26,"column":0},"end":{"line":26,"column":21}},"31":{"start":{"line":242,"column":15},"end":{"line":354,"column":2}}},"fnMap":{"0":{"name":"(anonymous_7)","decl":{"start":{"line":27,"column":2},"end":{"line":27,"column":14}},"loc":{"start":{"line":27,"column":26},"end":{"line":31,"column":3}}},"1":{"name":"(anonymous_8)","decl":{"start":{"line":34,"column":27},"end":{"line":34,"column":28}},"loc":{"start":{"line":34,"column":63},"end":{"line":83,"column":3}}},"2":{"name":"(anonymous_9)","decl":{"start":{"line":45,"column":17},"end":{"line":45,"column":20}},"loc":{"start":{"line":45,"column":22},"end":{"line":46,"column":9}}},"3":{"name":"(anonymous_10)","decl":{"start":{"line":85,"column":33},"end":{"line":85,"column":34}},"loc":{"start":{"line":85,"column":75},"end":{"line":118,"column":3}}},"4":{"name":"(anonymous_11)","decl":{"start":{"line":91,"column":21},"end":{"line":91,"column":24}},"loc":{"start":{"line":91,"column":26},"end":{"line":93,"column":13}}},"5":{"name":"(anonymous_12)","decl":{"start":{"line":104,"column":21},"end":{"line":104,"column":24}},"loc":{"start":{"line":104,"column":26},"end":{"line":106,"column":13}}},"6":{"name":"(anonymous_13)","decl":{"start":{"line":121,"column":2},"end":{"line":121,"column":8}},"loc":{"start":{"line":121,"column":8},"end":{"line":238,"column":3}}},"7":{"name":"(anonymous_14)","decl":{"start":{"line":129,"column":19},"end":{"line":129,"column":22}},"loc":{"start":{"line":129,"column":24},"end":{"line":131,"column":11}}},"8":{"name":"(anonymous_15)","decl":{"start":{"line":213,"column":28},"end":{"line":213,"column":44}},"loc":{"start":{"line":213,"column":48},"end":{"line":213,"column":83}}},"9":{"name":"(anonymous_16)","decl":{"start":{"line":214,"column":32},"end":{"line":214,"column":33}},"loc":{"start":{"line":215,"column":16},"end":{"line":216,"column":null}}},"10":{"name":"(anonymous_17)","decl":{"start":{"line":219,"column":26},"end":{"line":219,"column":27}},"loc":{"start":{"line":220,"column":16},"end":{"line":221,"column":null}}},"11":{"name":"(anonymous_18)","decl":{"start":{"line":226,"column":25},"end":{"line":226,"column":26}},"loc":{"start":{"line":226,"column":44},"end":{"line":230,"column":15}}},"12":{"name":"(anonymous_19)","decl":{"start":{"line":227,"column":27},"end":{"line":227,"column":30}},"loc":{"start":{"line":227,"column":32},"end":{"line":229,"column":17}}}},"branchMap":{"0":{"loc":{"start":{"line":35,"column":27},"end":{"line":35,"column":88}},"type":"cond-expr","locations":[{"start":{"line":35,"column":82},"end":{"line":35,"column":86}},{"start":{"line":35,"column":86},"end":{"line":35,"column":88}}]},"1":{"loc":{"start":{"line":35,"column":27},"end":{"line":35,"column":86}},"type":"binary-expr","locations":[{"start":{"line":35,"column":27},"end":{"line":35,"column":86}},{"start":{"line":35,"column":82},"end":{"line":35,"column":86}}]},"2":{"loc":{"start":{"line":36,"column":28},"end":{"line":36,"column":87}},"type":"cond-expr","locations":[{"start":{"line":36,"column":81},"end":{"line":36,"column":85}},{"start":{"line":36,"column":85},"end":{"line":36,"column":87}}]},"3":{"loc":{"start":{"line":36,"column":28},"end":{"line":36,"column":85}},"type":"binary-expr","locations":[{"start":{"line":36,"column":28},"end":{"line":36,"column":85}},{"start":{"line":36,"column":81},"end":{"line":36,"column":85}}]},"4":{"loc":{"start":{"line":37,"column":27},"end":{"line":37,"column":79}},"type":"cond-expr","locations":[{"start":{"line":37,"column":73},"end":{"line":37,"column":77}},{"start":{"line":37,"column":77},"end":{"line":37,"column":79}}]},"5":{"loc":{"start":{"line":37,"column":27},"end":{"line":37,"column":77}},"type":"binary-expr","locations":[{"start":{"line":37,"column":27},"end":{"line":37,"column":77}},{"start":{"line":37,"column":73},"end":{"line":37,"column":77}}]},"6":{"loc":{"start":{"line":38,"column":26},"end":{"line":38,"column":85}},"type":"cond-expr","locations":[{"start":{"line":38,"column":77},"end":{"line":38,"column":81}},{"start":{"line":38,"column":81},"end":{"line":38,"column":85}}]},"7":{"loc":{"start":{"line":38,"column":26},"end":{"line":38,"column":81}},"type":"binary-expr","locations":[{"start":{"line":38,"column":26},"end":{"line":38,"column":81}},{"start":{"line":38,"column":77},"end":{"line":38,"column":81}}]},"8":{"loc":{"start":{"line":39,"column":29},"end":{"line":39,"column":84}},"type":"cond-expr","locations":[{"start":{"line":39,"column":78},"end":{"line":39,"column":82}},{"start":{"line":39,"column":82},"end":{"line":39,"column":84}}]},"9":{"loc":{"start":{"line":39,"column":29},"end":{"line":39,"column":82}},"type":"binary-expr","locations":[{"start":{"line":39,"column":29},"end":{"line":39,"column":82}},{"start":{"line":39,"column":78},"end":{"line":39,"column":82}}]},"10":{"loc":{"start":{"line":53,"column":23},"end":{"line":54,"column":85}},"type":"cond-expr","locations":[{"start":{"line":54,"column":22},"end":{"line":54,"column":41}},{"start":{"line":54,"column":44},"end":{"line":54,"column":85}}]},"11":{"loc":{"start":{"line":78,"column":11},"end":{"line":78,"column":null}},"type":"binary-expr","locations":[{"start":{"line":78,"column":11},"end":{"line":78,"column":30}},{"start":{"line":78,"column":34},"end":{"line":78,"column":null}}]},"12":{"loc":{"start":{"line":157,"column":20},"end":{"line":159,"column":47}},"type":"cond-expr","locations":[{"start":{"line":158,"column":24},"end":{"line":158,"column":46}},{"start":{"line":159,"column":24},"end":{"line":159,"column":47}}]},"13":{"loc":{"start":{"line":169,"column":20},"end":{"line":171,"column":47}},"type":"cond-expr","locations":[{"start":{"line":170,"column":24},"end":{"line":170,"column":46}},{"start":{"line":171,"column":24},"end":{"line":171,"column":47}}]},"14":{"loc":{"start":{"line":205,"column":13},"end":{"line":206,"column":null}},"type":"binary-expr","locations":[{"start":{"line":205,"column":13},"end":{"line":205,"column":54}},{"start":{"line":206,"column":14},"end":{"line":206,"column":93}}]}},"s":{"0":0,"1":0,"2":0,"3":0,"4":0,"5":0,"6":0,"7":0,"8":0,"9":0,"10":0,"11":0,"12":0,"13":0,"14":0,"15":0,"16":0,"17":0,"18":0,"19":0,"20":0,"21":0,"22":0,"23":0,"24":0,"25":0,"26":0,"27":0,"28":0,"29":0,"30":0,"31":0},"f":{"0":0,"1":0,"2":0,"3":0,"4":0,"5":0,"6":0,"7":0,"8":0,"9":0,"10":0,"11":0,"12":0},"b":{"0":[0,0],"1":[0,0],"2":[0,0],"3":[0,0],"4":[0,0],"5":[0,0],"6":[0,0],"7":[0,0],"8":[0,0],"9":[0,0],"10":[0,0],"11":[0,0],"12":[0,0],"13":[0,0],"14":[0,0]}}
,"/Users/macm14/Documents/NXZWAW/nxzwav-294793-react-native/src/packages/blocks/chat/src/Chat.web.tsx": {"path":"/Users/macm14/Documents/NXZWAW/nxzwav-294793-react-native/src/packages/blocks/chat/src/Chat.web.tsx","statementMap":{"0":{"start":{"line":1,"column":0},"end":{"line":1,"column":26}},"1":{"start":{"line":4,"column":0},"end":{"line":4,"column":null}},"2":{"start":{"line":12,"column":0},"end":{"line":12,"column":70}},"3":{"start":{"line":16,"column":14},"end":{"line":23,"column":2}},"4":{"start":{"line":26,"column":0},"end":{"line":26,"column":76}},"5":{"start":{"line":30,"column":4},"end":{"line":30,"column":17}},"6":{"start":{"line":36,"column":2},"end":{"line":71,"column":4}},"7":{"start":{"line":37,"column":4},"end":{"line":69,"column":null}},"8":{"start":{"line":64,"column":27},"end":{"line":64,"column":43}},"9":{"start":{"line":73,"column":2},"end":{"line":101,"column":4}},"10":{"start":{"line":74,"column":25},"end":{"line":74,"column":35}},"11":{"start":{"line":75,"column":4},"end":{"line":100,"column":6}},"12":{"start":{"line":106,"column":4},"end":{"line":125,"column":6}},"13":{"start":{"line":115,"column":16},"end":{"line":115,"column":33}},"14":{"start":{"line":28,"column":0},"end":{"line":28,"column":21}},"15":{"start":{"line":131,"column":18},"end":{"line":169,"column":2}}},"fnMap":{"0":{"name":"(anonymous_7)","decl":{"start":{"line":29,"column":2},"end":{"line":29,"column":14}},"loc":{"start":{"line":29,"column":26},"end":{"line":33,"column":3}}},"1":{"name":"(anonymous_8)","decl":{"start":{"line":36,"column":23},"end":{"line":36,"column":26}},"loc":{"start":{"line":37,"column":4},"end":{"line":69,"column":null}}},"2":{"name":"(anonymous_9)","decl":{"start":{"line":64,"column":21},"end":{"line":64,"column":24}},"loc":{"start":{"line":64,"column":27},"end":{"line":64,"column":43}}},"3":{"name":"(anonymous_10)","decl":{"start":{"line":73,"column":19},"end":{"line":73,"column":22}},"loc":{"start":{"line":73,"column":24},"end":{"line":101,"column":3}}},"4":{"name":"(anonymous_11)","decl":{"start":{"line":104,"column":2},"end":{"line":104,"column":8}},"loc":{"start":{"line":104,"column":8},"end":{"line":127,"column":3}}},"5":{"name":"(anonymous_12)","decl":{"start":{"line":114,"column":23},"end":{"line":114,"column":26}},"loc":{"start":{"line":114,"column":28},"end":{"line":116,"column":15}}}},"branchMap":{},"s":{"0":0,"1":0,"2":0,"3":0,"4":0,"5":0,"6":0,"7":0,"8":0,"9":0,"10":0,"11":0,"12":0,"13":0,"14":0,"15":0},"f":{"0":0,"1":0,"2":0,"3":0,"4":0,"5":0},"b":{}}
,"/Users/macm14/Documents/NXZWAW/nxzwav-294793-react-native/src/packages/blocks/chat/src/ChatController.tsx": {"path":"/Users/macm14/Documents/NXZWAW/nxzwav-294793-react-native/src/packages/blocks/chat/src/ChatController.tsx","statementMap":{"0":{"start":{"line":2,"column":0},"end":{"line":2,"column":57}},"1":{"start":{"line":3,"column":0},"end":{"line":3,"column":71}},"2":{"start":{"line":4,"column":0},"end":{"line":4,"column":null}},"3":{"start":{"line":7,"column":0},"end":{"line":7,"column":61}},"4":{"start":{"line":10,"column":0},"end":{"line":10,"column":37}},"5":{"start":{"line":11,"column":0},"end":{"line":11,"column":69}},"6":{"start":{"line":12,"column":0},"end":{"line":12,"column":111}},"7":{"start":{"line":13,"column":0},"end":{"line":13,"column":82}},"8":{"start":{"line":16,"column":13},"end":{"line":16,"column":46}},"9":{"start":{"line":87,"column":4},"end":{"line":87,"column":17}},"10":{"start":{"line":80,"column":2},"end":{"line":80,"column":44}},"11":{"start":{"line":81,"column":2},"end":{"line":81,"column":39}},"12":{"start":{"line":82,"column":2},"end":{"line":82,"column":43}},"13":{"start":{"line":83,"column":2},"end":{"line":83,"column":20}},"14":{"start":{"line":123,"column":2},"end":{"line":148,"column":4}},"15":{"start":{"line":123,"column":40},"end":{"line":148,"column":4}},"16":{"start":{"line":124,"column":19},"end":{"line":127,"column":6}},"17":{"start":{"line":128,"column":27},"end":{"line":129,"column":null}},"18":{"start":{"line":132,"column":4},"end":{"line":132,"column":65}},"19":{"start":{"line":134,"column":4},"end":{"line":137,"column":6}},"20":{"start":{"line":138,"column":4},"end":{"line":141,"column":6}},"21":{"start":{"line":142,"column":4},"end":{"line":145,"column":6}},"22":{"start":{"line":147,"column":4},"end":{"line":147,"column":61}},"23":{"start":{"line":195,"column":2},"end":{"line":197,"column":4}},"24":{"start":{"line":196,"column":4},"end":{"line":196,"column":44}},"25":{"start":{"line":199,"column":2},"end":{"line":201,"column":4}},"26":{"start":{"line":200,"column":4},"end":{"line":200,"column":45}},"27":{"start":{"line":203,"column":2},"end":{"line":218,"column":4}},"28":{"start":{"line":204,"column":20},"end":{"line":204,"column":71}},"29":{"start":{"line":205,"column":4},"end":{"line":205,"column":78}},"30":{"start":{"line":207,"column":4},"end":{"line":207,"column":77}},"31":{"start":{"line":209,"column":34},"end":{"line":210,"column":null}},"32":{"start":{"line":212,"column":4},"end":{"line":214,"column":7}},"33":{"start":{"line":215,"column":4},"end":{"line":215,"column":79}},"34":{"start":{"line":217,"column":4},"end":{"line":217,"column":23}},"35":{"start":{"line":220,"column":2},"end":{"line":222,"column":4}},"36":{"start":{"line":221,"column":4},"end":{"line":221,"column":35}},"37":{"start":{"line":224,"column":2},"end":{"line":226,"column":4}},"38":{"start":{"line":225,"column":4},"end":{"line":225,"column":null}},"39":{"start":{"line":242,"column":2},"end":{"line":245,"column":4}},"40":{"start":{"line":243,"column":4},"end":{"line":243,"column":40}},"41":{"start":{"line":244,"column":4},"end":{"line":244,"column":31}},"42":{"start":{"line":247,"column":2},"end":{"line":250,"column":4}},"43":{"start":{"line":248,"column":4},"end":{"line":248,"column":40}},"44":{"start":{"line":249,"column":4},"end":{"line":249,"column":32}},"45":{"start":{"line":252,"column":2},"end":{"line":258,"column":4}},"46":{"start":{"line":254,"column":6},"end":{"line":254,"column":45}},"47":{"start":{"line":255,"column":6},"end":{"line":255,"column":null}},"48":{"start":{"line":260,"column":2},"end":{"line":263,"column":null}},"49":{"start":{"line":266,"column":2},"end":{"line":268,"column":31}},"50":{"start":{"line":270,"column":2},"end":{"line":282,"column":4}},"51":{"start":{"line":271,"column":4},"end":{"line":271,"column":72}},"52":{"start":{"line":273,"column":4},"end":{"line":281,"column":6}},"53":{"start":{"line":279,"column":8},"end":{"line":279,"column":35}},"54":{"start":{"line":409,"column":2},"end":{"line":427,"column":null}},"55":{"start":{"line":416,"column":21},"end":{"line":422,"column":null}},"56":{"start":{"line":424,"column":4},"end":{"line":426,"column":null}},"57":{"start":{"line":88,"column":4},"end":{"line":88,"column":43}},"58":{"start":{"line":90,"column":4},"end":{"line":96,"column":6}},"59":{"start":{"line":98,"column":4},"end":{"line":110,"column":6}},"60":{"start":{"line":111,"column":4},"end":{"line":111,"column":75}},"61":{"start":{"line":119,"column":4},"end":{"line":119,"column":30}},"62":{"start":{"line":120,"column":4},"end":{"line":120,"column":null}},"63":{"start":{"line":151,"column":4},"end":{"line":170,"column":null}},"64":{"start":{"line":152,"column":36},"end":{"line":152,"column":96}},"65":{"start":{"line":153,"column":6},"end":{"line":157,"column":null}},"66":{"start":{"line":156,"column":8},"end":{"line":156,"column":null}},"67":{"start":{"line":159,"column":9},"end":{"line":170,"column":null}},"68":{"start":{"line":161,"column":31},"end":{"line":162,"column":null}},"69":{"start":{"line":165,"column":6},"end":{"line":168,"column":null}},"70":{"start":{"line":167,"column":8},"end":{"line":167,"column":null}},"71":{"start":{"line":175,"column":25},"end":{"line":176,"column":null}},"72":{"start":{"line":178,"column":26},"end":{"line":179,"column":null}},"73":{"start":{"line":181,"column":4},"end":{"line":181,"column":70}},"74":{"start":{"line":181,"column":23},"end":{"line":181,"column":70}},"75":{"start":{"line":182,"column":4},"end":{"line":182,"column":71}},"76":{"start":{"line":182,"column":30},"end":{"line":182,"column":71}},"77":{"start":{"line":184,"column":4},"end":{"line":192,"column":null}},"78":{"start":{"line":185,"column":6},"end":{"line":188,"column":9}},"79":{"start":{"line":190,"column":9},"end":{"line":192,"column":null}},"80":{"start":{"line":191,"column":6},"end":{"line":191,"column":null}},"81":{"start":{"line":229,"column":4},"end":{"line":239,"column":6}},"82":{"start":{"line":237,"column":8},"end":{"line":237,"column":35}},"83":{"start":{"line":285,"column":14},"end":{"line":285,"column":47}},"84":{"start":{"line":286,"column":4},"end":{"line":286,"column":58}},"85":{"start":{"line":287,"column":27},"end":{"line":288,"column":null}},"86":{"start":{"line":290,"column":4},"end":{"line":290,"column":65}},"87":{"start":{"line":292,"column":16},"end":{"line":292,"column":160}},"88":{"start":{"line":294,"column":19},"end":{"line":297,"column":6}},"89":{"start":{"line":298,"column":4},"end":{"line":301,"column":6}},"90":{"start":{"line":303,"column":4},"end":{"line":306,"column":6}},"91":{"start":{"line":308,"column":22},"end":{"line":308,"column":24}},"92":{"start":{"line":309,"column":25},"end":{"line":309,"column":27}},"93":{"start":{"line":310,"column":4},"end":{"line":313,"column":null}},"94":{"start":{"line":311,"column":6},"end":{"line":311,"column":null}},"95":{"start":{"line":312,"column":6},"end":{"line":312,"column":83}},"96":{"start":{"line":314,"column":4},"end":{"line":321,"column":null}},"97":{"start":{"line":315,"column":6},"end":{"line":316,"column":null}},"98":{"start":{"line":318,"column":11},"end":{"line":321,"column":null}},"99":{"start":{"line":319,"column":6},"end":{"line":320,"column":null}},"100":{"start":{"line":322,"column":4},"end":{"line":325,"column":6}},"101":{"start":{"line":326,"column":4},"end":{"line":326,"column":69}},"102":{"start":{"line":327,"column":4},"end":{"line":327,"column":61}},"103":{"start":{"line":331,"column":27},"end":{"line":332,"column":null}},"104":{"start":{"line":334,"column":4},"end":{"line":334,"column":64}},"105":{"start":{"line":336,"column":16},"end":{"line":336,"column":160}},"106":{"start":{"line":338,"column":19},"end":{"line":341,"column":6}},"107":{"start":{"line":342,"column":4},"end":{"line":345,"column":6}},"108":{"start":{"line":346,"column":4},"end":{"line":349,"column":6}},"109":{"start":{"line":350,"column":26},"end":{"line":350,"column":28}},"110":{"start":{"line":351,"column":4},"end":{"line":355,"column":null}},"111":{"start":{"line":352,"column":6},"end":{"line":352,"column":null}},"112":{"start":{"line":353,"column":11},"end":{"line":355,"column":null}},"113":{"start":{"line":354,"column":6},"end":{"line":354,"column":null}},"114":{"start":{"line":356,"column":22},"end":{"line":359,"column":46}},"115":{"start":{"line":360,"column":4},"end":{"line":363,"column":6}},"116":{"start":{"line":364,"column":4},"end":{"line":364,"column":61}},"117":{"start":{"line":365,"column":4},"end":{"line":365,"column":61}},"118":{"start":{"line":369,"column":4},"end":{"line":369,"column":null}},"119":{"start":{"line":370,"column":4},"end":{"line":370,"column":null}},"120":{"start":{"line":374,"column":4},"end":{"line":374,"column":92}},"121":{"start":{"line":375,"column":4},"end":{"line":375,"column":null}},"122":{"start":{"line":376,"column":13},"end":{"line":376,"column":129}},"123":{"start":{"line":377,"column":4},"end":{"line":390,"column":6}},"124":{"start":{"line":394,"column":4},"end":{"line":394,"column":75}},"125":{"start":{"line":395,"column":4},"end":{"line":406,"column":7}},"126":{"start":{"line":397,"column":8},"end":{"line":397,"column":56}},"127":{"start":{"line":398,"column":8},"end":{"line":398,"column":null}},"128":{"start":{"line":403,"column":8},"end":{"line":403,"column":58}},"129":{"start":{"line":78,"column":0},"end":{"line":78,"column":21}}},"fnMap":{"0":{"name":"(anonymous_13)","decl":{"start":{"line":86,"column":2},"end":{"line":86,"column":14}},"loc":{"start":{"line":86,"column":26},"end":{"line":115,"column":3}}},"1":{"name":"(anonymous_14)","decl":{"start":{"line":123,"column":16},"end":{"line":123,"column":23}},"loc":{"start":{"line":123,"column":40},"end":{"line":148,"column":4}}},"2":{"name":"(anonymous_15)","decl":{"start":{"line":123,"column":40},"end":{"line":123,"column":null}},"loc":{"start":{"line":123,"column":40},"end":{"line":148,"column":3}}},"3":{"name":"(anonymous_16)","decl":{"start":{"line":195,"column":14},"end":{"line":195,"column":17}},"loc":{"start":{"line":195,"column":19},"end":{"line":197,"column":3}}},"4":{"name":"(anonymous_17)","decl":{"start":{"line":199,"column":14},"end":{"line":199,"column":17}},"loc":{"start":{"line":199,"column":19},"end":{"line":201,"column":3}}},"5":{"name":"(anonymous_18)","decl":{"start":{"line":203,"column":23},"end":{"line":203,"column":24}},"loc":{"start":{"line":203,"column":42},"end":{"line":218,"column":3}}},"6":{"name":"(anonymous_19)","decl":{"start":{"line":220,"column":24},"end":{"line":220,"column":27}},"loc":{"start":{"line":220,"column":29},"end":{"line":222,"column":3}}},"7":{"name":"(anonymous_20)","decl":{"start":{"line":224,"column":28},"end":{"line":224,"column":31}},"loc":{"start":{"line":224,"column":33},"end":{"line":226,"column":3}}},"8":{"name":"(anonymous_21)","decl":{"start":{"line":242,"column":14},"end":{"line":242,"column":17}},"loc":{"start":{"line":242,"column":19},"end":{"line":245,"column":3}}},"9":{"name":"(anonymous_22)","decl":{"start":{"line":247,"column":14},"end":{"line":247,"column":17}},"loc":{"start":{"line":247,"column":19},"end":{"line":250,"column":3}}},"10":{"name":"(anonymous_23)","decl":{"start":{"line":253,"column":18},"end":{"line":253,"column":19}},"loc":{"start":{"line":253,"column":35},"end":{"line":256,"column":5}}},"11":{"name":"(anonymous_24)","decl":{"start":{"line":270,"column":22},"end":{"line":270,"column":25}},"loc":{"start":{"line":270,"column":27},"end":{"line":282,"column":3}}},"12":{"name":"(anonymous_25)","decl":{"start":{"line":278,"column":6},"end":{"line":278,"column":9}},"loc":{"start":{"line":278,"column":11},"end":{"line":280,"column":7}}},"13":{"name":"(anonymous_26)","decl":{"start":{"line":409,"column":49},"end":{"line":409,"column":null}},"loc":{"start":{"line":415,"column":30},"end":{"line":427,"column":3}}},"14":{"name":"(anonymous_27)","decl":{"start":{"line":118,"column":8},"end":{"line":118,"column":25}},"loc":{"start":{"line":118,"column":25},"end":{"line":121,"column":null}}},"15":{"name":"(anonymous_30)","decl":{"start":{"line":150,"column":8},"end":{"line":150,"column":15}},"loc":{"start":{"line":150,"column":46},"end":{"line":171,"column":null}}},"16":{"name":"(anonymous_32)","decl":{"start":{"line":173,"column":2},"end":{"line":173,"column":27}},"loc":{"start":{"line":173,"column":70},"end":{"line":193,"column":3}}},"17":{"name":"(anonymous_33)","decl":{"start":{"line":228,"column":2},"end":{"line":228,"column":17}},"loc":{"start":{"line":228,"column":29},"end":{"line":240,"column":3}}},"18":{"name":"(anonymous_34)","decl":{"start":{"line":236,"column":6},"end":{"line":236,"column":9}},"loc":{"start":{"line":236,"column":11},"end":{"line":238,"column":7}}},"19":{"name":"(anonymous_35)","decl":{"start":{"line":284,"column":8},"end":{"line":284,"column":27}},"loc":{"start":{"line":284,"column":27},"end":{"line":328,"column":null}}},"20":{"name":"(anonymous_37)","decl":{"start":{"line":330,"column":8},"end":{"line":330,"column":26}},"loc":{"start":{"line":330,"column":49},"end":{"line":366,"column":null}}},"21":{"name":"(anonymous_39)","decl":{"start":{"line":368,"column":2},"end":{"line":368,"column":23}},"loc":{"start":{"line":368,"column":43},"end":{"line":371,"column":3}}},"22":{"name":"(anonymous_40)","decl":{"start":{"line":373,"column":2},"end":{"line":373,"column":29}},"loc":{"start":{"line":373,"column":49},"end":{"line":391,"column":3}}},"23":{"name":"(anonymous_41)","decl":{"start":{"line":393,"column":2},"end":{"line":393,"column":28}},"loc":{"start":{"line":393,"column":48},"end":{"line":407,"column":3}}},"24":{"name":"(anonymous_42)","decl":{"start":{"line":396,"column":40},"end":{"line":396,"column":43}},"loc":{"start":{"line":396,"column":45},"end":{"line":399,"column":7}}},"25":{"name":"(anonymous_43)","decl":{"start":{"line":402,"column":44},"end":{"line":402,"column":47}},"loc":{"start":{"line":402,"column":49},"end":{"line":404,"column":7}}}},"branchMap":{"0":{"loc":{"start":{"line":266,"column":18},"end":{"line":268,"column":30}},"type":"cond-expr","locations":[{"start":{"line":267,"column":6},"end":{"line":267,"column":27}},{"start":{"line":268,"column":6},"end":{"line":268,"column":30}}]},"1":{"loc":{"start":{"line":424,"column":4},"end":{"line":426,"column":112}},"type":"cond-expr","locations":[{"start":{"line":425,"column":8},"end":{"line":425,"column":110}},{"start":{"line":426,"column":8},"end":{"line":426,"column":112}}]},"2":{"loc":{"start":{"line":151,"column":4},"end":{"line":170,"column":null}},"type":"if","locations":[{"start":{"line":151,"column":4},"end":{"line":170,"column":null}},{"start":{"line":159,"column":9},"end":{"line":170,"column":null}}]},"3":{"loc":{"start":{"line":153,"column":6},"end":{"line":157,"column":null}},"type":"if","locations":[{"start":{"line":153,"column":6},"end":{"line":157,"column":null}}]},"4":{"loc":{"start":{"line":159,"column":9},"end":{"line":170,"column":null}},"type":"if","locations":[{"start":{"line":159,"column":9},"end":{"line":170,"column":null}}]},"5":{"loc":{"start":{"line":165,"column":6},"end":{"line":168,"column":null}},"type":"if","locations":[{"start":{"line":165,"column":6},"end":{"line":168,"column":null}}]},"6":{"loc":{"start":{"line":165,"column":10},"end":{"line":166,"column":64}},"type":"binary-expr","locations":[{"start":{"line":165,"column":10},"end":{"line":165,"column":64}},{"start":{"line":166,"column":11},"end":{"line":166,"column":64}}]},"7":{"loc":{"start":{"line":181,"column":4},"end":{"line":181,"column":70}},"type":"if","locations":[{"start":{"line":181,"column":4},"end":{"line":181,"column":70}}]},"8":{"loc":{"start":{"line":182,"column":4},"end":{"line":182,"column":71}},"type":"if","locations":[{"start":{"line":182,"column":4},"end":{"line":182,"column":71}}]},"9":{"loc":{"start":{"line":182,"column":8},"end":{"line":182,"column":28}},"type":"cond-expr","locations":[{"start":{"line":182,"column":20},"end":{"line":182,"column":22}},{"start":{"line":182,"column":8},"end":{"line":182,"column":28}}]},"10":{"loc":{"start":{"line":182,"column":8},"end":{"line":182,"column":22}},"type":"binary-expr","locations":[{"start":{"line":182,"column":8},"end":{"line":182,"column":22}},{"start":{"line":182,"column":8},"end":{"line":182,"column":22}}]},"11":{"loc":{"start":{"line":184,"column":4},"end":{"line":192,"column":null}},"type":"if","locations":[{"start":{"line":184,"column":4},"end":{"line":192,"column":null}},{"start":{"line":190,"column":9},"end":{"line":192,"column":null}}]},"12":{"loc":{"start":{"line":186,"column":18},"end":{"line":186,"column":60}},"type":"cond-expr","locations":[{"start":{"line":186,"column":38},"end":{"line":186,"column":55}},{"start":{"line":186,"column":58},"end":{"line":186,"column":60}}]},"13":{"loc":{"start":{"line":187,"column":29},"end":{"line":187,"column":77}},"type":"cond-expr","locations":[{"start":{"line":187,"column":52},"end":{"line":187,"column":72}},{"start":{"line":187,"column":75},"end":{"line":187,"column":77}}]},"14":{"loc":{"start":{"line":190,"column":9},"end":{"line":192,"column":null}},"type":"if","locations":[{"start":{"line":190,"column":9},"end":{"line":192,"column":null}}]},"15":{"loc":{"start":{"line":285,"column":14},"end":{"line":285,"column":47}},"type":"cond-expr","locations":[{"start":{"line":285,"column":41},"end":{"line":285,"column":45}},{"start":{"line":285,"column":45},"end":{"line":285,"column":47}}]},"16":{"loc":{"start":{"line":285,"column":14},"end":{"line":285,"column":45}},"type":"binary-expr","locations":[{"start":{"line":285,"column":14},"end":{"line":285,"column":45}},{"start":{"line":285,"column":41},"end":{"line":285,"column":45}}]},"17":{"loc":{"start":{"line":310,"column":4},"end":{"line":313,"column":null}},"type":"if","locations":[{"start":{"line":310,"column":4},"end":{"line":313,"column":null}}]},"18":{"loc":{"start":{"line":314,"column":4},"end":{"line":321,"column":null}},"type":"if","locations":[{"start":{"line":314,"column":4},"end":{"line":321,"column":null}},{"start":{"line":318,"column":11},"end":{"line":321,"column":null}}]},"19":{"loc":{"start":{"line":318,"column":11},"end":{"line":321,"column":null}},"type":"if","locations":[{"start":{"line":318,"column":11},"end":{"line":321,"column":null}}]},"20":{"loc":{"start":{"line":351,"column":4},"end":{"line":355,"column":null}},"type":"if","locations":[{"start":{"line":351,"column":4},"end":{"line":355,"column":null}},{"start":{"line":353,"column":11},"end":{"line":355,"column":null}}]},"21":{"loc":{"start":{"line":353,"column":11},"end":{"line":355,"column":null}},"type":"if","locations":[{"start":{"line":353,"column":11},"end":{"line":355,"column":null}}]},"22":{"loc":{"start":{"line":376,"column":13},"end":{"line":376,"column":129}},"type":"cond-expr","locations":[{"start":{"line":376,"column":46},"end":{"line":376,"column":90}},{"start":{"line":376,"column":93},"end":{"line":376,"column":129}}]},"23":{"loc":{"start":{"line":385,"column":44},"end":{"line":386,"column":50}},"type":"cond-expr","locations":[{"start":{"line":386,"column":44},"end":{"line":386,"column":48}},{"start":{"line":386,"column":48},"end":{"line":386,"column":50}}]},"24":{"loc":{"start":{"line":385,"column":44},"end":{"line":386,"column":48}},"type":"binary-expr","locations":[{"start":{"line":385,"column":44},"end":{"line":386,"column":48}},{"start":{"line":386,"column":44},"end":{"line":386,"column":48}}]},"25":{"loc":{"start":{"line":386,"column":50},"end":{"line":387,"column":52}},"type":"cond-expr","locations":[{"start":{"line":387,"column":46},"end":{"line":387,"column":50}},{"start":{"line":387,"column":50},"end":{"line":387,"column":52}}]},"26":{"loc":{"start":{"line":386,"column":50},"end":{"line":387,"column":50}},"type":"binary-expr","locations":[{"start":{"line":386,"column":50},"end":{"line":387,"column":50}},{"start":{"line":387,"column":46},"end":{"line":387,"column":50}}]}},"s":{"0":1,"1":1,"2":1,"3":1,"4":1,"5":1,"6":1,"7":1,"8":1,"9":0,"10":0,"11":0,"12":0,"13":0,"14":0,"15":0,"16":0,"17":0,"18":0,"19":0,"20":0,"21":0,"22":0,"23":0,"24":0,"25":0,"26":0,"27":0,"28":0,"29":0,"30":0,"31":0,"32":0,"33":0,"34":0,"35":0,"36":0,"37":0,"38":0,"39":0,"40":0,"41":0,"42":0,"43":0,"44":0,"45":0,"46":0,"47":0,"48":0,"49":0,"50":0,"51":0,"52":0,"53":0,"54":0,"55":0,"56":0,"57":0,"58":0,"59":0,"60":0,"61":0,"62":0,"63":0,"64":0,"65":0,"66":0,"67":0,"68":0,"69":0,"70":0,"71":0,"72":0,"73":0,"74":0,"75":0,"76":0,"77":0,"78":0,"79":0,"80":0,"81":0,"82":0,"83":0,"84":0,"85":0,"86":0,"87":0,"88":0,"89":0,"90":0,"91":0,"92":0,"93":0,"94":0,"95":0,"96":0,"97":0,"98":0,"99":0,"100":0,"101":0,"102":0,"103":0,"104":0,"105":0,"106":0,"107":0,"108":0,"109":0,"110":0,"111":0,"112":0,"113":0,"114":0,"115":0,"116":0,"117":0,"118":0,"119":0,"120":0,"121":0,"122":0,"123":0,"124":0,"125":0,"126":0,"127":0,"128":0,"129":1},"f":{"0":0,"1":0,"2":0,"3":0,"4":0,"5":0,"6":0,"7":0,"8":0,"9":0,"10":0,"11":0,"12":0,"13":0,"14":0,"15":0,"16":0,"17":0,"18":0,"19":0,"20":0,"21":0,"22":0,"23":0,"24":0,"25":0},"b":{"0":[0,0],"1":[0,0],"2":[0,0],"3":[0],"4":[0],"5":[0],"6":[0,0],"7":[0],"8":[0],"9":[0,0],"10":[0,0],"11":[0,0],"12":[0,0],"13":[0,0],"14":[0],"15":[0,0],"16":[0,0],"17":[0],"18":[0,0],"19":[0],"20":[0,0],"21":[0],"22":[0,0],"23":[0,0],"24":[0,0],"25":[0,0],"26":[0,0]}}
,"/Users/macm14/Documents/NXZWAW/nxzwav-294793-react-native/src/packages/blocks/chat/src/ChatNew.tsx": {"path":"/Users/macm14/Documents/NXZWAW/nxzwav-294793-react-native/src/packages/blocks/chat/src/ChatNew.tsx","statementMap":{"0":{"start":{"line":1,"column":0},"end":{"line":1,"column":26}},"1":{"start":{"line":4,"column":0},"end":{"line":4,"column":null}},"2":{"start":{"line":15,"column":0},"end":{"line":15,"column":110}},"3":{"start":{"line":16,"column":0},"end":{"line":16,"column":92}},"4":{"start":{"line":17,"column":0},"end":{"line":17,"column":50}},"5":{"start":{"line":18,"column":0},"end":{"line":18,"column":48}},"6":{"start":{"line":19,"column":0},"end":{"line":19,"column":73}},"7":{"start":{"line":22,"column":0},"end":{"line":22,"column":89}},"8":{"start":{"line":26,"column":4},"end":{"line":26,"column":17}},"9":{"start":{"line":32,"column":2},"end":{"line":72,"column":null}},"10":{"start":{"line":33,"column":23},"end":{"line":33,"column":71}},"11":{"start":{"line":34,"column":24},"end":{"line":34,"column":70}},"12":{"start":{"line":35,"column":4},"end":{"line":71,"column":6}},"13":{"start":{"line":40,"column":10},"end":{"line":40,"column":58}},"14":{"start":{"line":78,"column":4},"end":{"line":159,"column":6}},"15":{"start":{"line":83,"column":12},"end":{"line":83,"column":32}},"16":{"start":{"line":154,"column":40},"end":{"line":154,"column":72}},"17":{"start":{"line":24,"column":0},"end":{"line":24,"column":21}},"18":{"start":{"line":166,"column":15},"end":{"line":234,"column":2}}},"fnMap":{"0":{"name":"(anonymous_7)","decl":{"start":{"line":25,"column":2},"end":{"line":25,"column":14}},"loc":{"start":{"line":25,"column":26},"end":{"line":29,"column":3}}},"1":{"name":"(anonymous_8)","decl":{"start":{"line":32,"column":26},"end":{"line":32,"column":27}},"loc":{"start":{"line":32,"column":60},"end":{"line":72,"column":3}}},"2":{"name":"(anonymous_9)","decl":{"start":{"line":39,"column":17},"end":{"line":39,"column":20}},"loc":{"start":{"line":39,"column":22},"end":{"line":41,"column":9}}},"3":{"name":"(anonymous_10)","decl":{"start":{"line":75,"column":2},"end":{"line":75,"column":8}},"loc":{"start":{"line":75,"column":8},"end":{"line":162,"column":3}}},"4":{"name":"(anonymous_11)","decl":{"start":{"line":82,"column":19},"end":{"line":82,"column":22}},"loc":{"start":{"line":82,"column":24},"end":{"line":84,"column":11}}},"5":{"name":"(anonymous_12)","decl":{"start":{"line":154,"column":26},"end":{"line":154,"column":27}},"loc":{"start":{"line":154,"column":40},"end":{"line":154,"column":72}}}},"branchMap":{"0":{"loc":{"start":{"line":33,"column":23},"end":{"line":33,"column":71}},"type":"cond-expr","locations":[{"start":{"line":33,"column":65},"end":{"line":33,"column":69}},{"start":{"line":33,"column":69},"end":{"line":33,"column":71}}]},"1":{"loc":{"start":{"line":33,"column":23},"end":{"line":33,"column":69}},"type":"binary-expr","locations":[{"start":{"line":33,"column":23},"end":{"line":33,"column":69}},{"start":{"line":33,"column":65},"end":{"line":33,"column":69}}]},"2":{"loc":{"start":{"line":34,"column":24},"end":{"line":34,"column":70}},"type":"cond-expr","locations":[{"start":{"line":34,"column":64},"end":{"line":34,"column":68}},{"start":{"line":34,"column":68},"end":{"line":34,"column":70}}]},"3":{"loc":{"start":{"line":34,"column":24},"end":{"line":34,"column":68}},"type":"binary-expr","locations":[{"start":{"line":34,"column":24},"end":{"line":34,"column":68}},{"start":{"line":34,"column":64},"end":{"line":34,"column":68}}]},"4":{"loc":{"start":{"line":48,"column":22},"end":{"line":49,"column":75}},"type":"cond-expr","locations":[{"start":{"line":49,"column":20},"end":{"line":49,"column":35}},{"start":{"line":49,"column":38},"end":{"line":49,"column":75}}]},"5":{"loc":{"start":{"line":62,"column":14},"end":{"line":64,"column":42}},"type":"cond-expr","locations":[{"start":{"line":63,"column":18},"end":{"line":63,"column":43}},{"start":{"line":64,"column":18},"end":{"line":64,"column":42}}]},"6":{"loc":{"start":{"line":121,"column":32},"end":{"line":121,"column":95}},"type":"cond-expr","locations":[{"start":{"line":121,"column":65},"end":{"line":121,"column":81}},{"start":{"line":121,"column":84},"end":{"line":121,"column":95}}]},"7":{"loc":{"start":{"line":146,"column":13},"end":{"line":147,"column":null}},"type":"binary-expr","locations":[{"start":{"line":146,"column":13},"end":{"line":146,"column":46}},{"start":{"line":147,"column":14},"end":{"line":147,"column":85}}]}},"s":{"0":1,"1":1,"2":1,"3":1,"4":1,"5":1,"6":1,"7":1,"8":1,"9":1,"10":1,"11":1,"12":1,"13":1,"14":7,"15":1,"16":1,"17":1,"18":1},"f":{"0":1,"1":1,"2":1,"3":7,"4":1,"5":1},"b":{"0":[0,1],"1":[1,0],"2":[1,0],"3":[1,1],"4":[0,1],"5":[0,1],"6":[1,6],"7":[7,0]}}
,"/Users/macm14/Documents/NXZWAW/nxzwav-294793-react-native/src/packages/blocks/chat/src/ChatNewController.tsx": {"path":"/Users/macm14/Documents/NXZWAW/nxzwav-294793-react-native/src/packages/blocks/chat/src/ChatNewController.tsx","statementMap":{"0":{"start":{"line":2,"column":0},"end":{"line":2,"column":57}},"1":{"start":{"line":3,"column":0},"end":{"line":3,"column":71}},"2":{"start":{"line":4,"column":0},"end":{"line":4,"column":null}},"3":{"start":{"line":7,"column":0},"end":{"line":7,"column":61}},"4":{"start":{"line":10,"column":0},"end":{"line":10,"column":69}},"5":{"start":{"line":11,"column":0},"end":{"line":11,"column":101}},"6":{"start":{"line":12,"column":0},"end":{"line":12,"column":66}},"7":{"start":{"line":15,"column":13},"end":{"line":15,"column":46}},"8":{"start":{"line":69,"column":4},"end":{"line":69,"column":17}},"9":{"start":{"line":64,"column":2},"end":{"line":64,"column":36}},"10":{"start":{"line":65,"column":2},"end":{"line":65,"column":20}},"11":{"start":{"line":131,"column":2},"end":{"line":133,"column":4}},"12":{"start":{"line":132,"column":4},"end":{"line":132,"column":35}},"13":{"start":{"line":135,"column":2},"end":{"line":137,"column":4}},"14":{"start":{"line":136,"column":4},"end":{"line":136,"column":null}},"15":{"start":{"line":139,"column":2},"end":{"line":145,"column":4}},"16":{"start":{"line":141,"column":6},"end":{"line":141,"column":49}},"17":{"start":{"line":142,"column":6},"end":{"line":142,"column":null}},"18":{"start":{"line":147,"column":2},"end":{"line":159,"column":4}},"19":{"start":{"line":148,"column":4},"end":{"line":148,"column":46}},"20":{"start":{"line":149,"column":4},"end":{"line":158,"column":6}},"21":{"start":{"line":155,"column":18},"end":{"line":155,"column":55}},"22":{"start":{"line":156,"column":8},"end":{"line":156,"column":33}},"23":{"start":{"line":197,"column":2},"end":{"line":210,"column":null}},"24":{"start":{"line":197,"column":46},"end":{"line":210,"column":null}},"25":{"start":{"line":198,"column":21},"end":{"line":204,"column":null}},"26":{"start":{"line":206,"column":23},"end":{"line":206,"column":71}},"27":{"start":{"line":207,"column":4},"end":{"line":209,"column":null}},"28":{"start":{"line":212,"column":2},"end":{"line":227,"column":null}},"29":{"start":{"line":219,"column":21},"end":{"line":225,"column":null}},"30":{"start":{"line":226,"column":4},"end":{"line":226,"column":null}},"31":{"start":{"line":70,"column":4},"end":{"line":70,"column":43}},"32":{"start":{"line":72,"column":4},"end":{"line":76,"column":6}},"33":{"start":{"line":78,"column":4},"end":{"line":87,"column":6}},"34":{"start":{"line":88,"column":4},"end":{"line":88,"column":75}},"35":{"start":{"line":96,"column":4},"end":{"line":96,"column":30}},"36":{"start":{"line":101,"column":4},"end":{"line":111,"column":null}},"37":{"start":{"line":103,"column":31},"end":{"line":104,"column":null}},"38":{"start":{"line":107,"column":6},"end":{"line":109,"column":null}},"39":{"start":{"line":108,"column":8},"end":{"line":108,"column":null}},"40":{"start":{"line":116,"column":25},"end":{"line":117,"column":null}},"41":{"start":{"line":119,"column":26},"end":{"line":120,"column":null}},"42":{"start":{"line":122,"column":4},"end":{"line":122,"column":70}},"43":{"start":{"line":122,"column":23},"end":{"line":122,"column":70}},"44":{"start":{"line":123,"column":4},"end":{"line":123,"column":71}},"45":{"start":{"line":123,"column":30},"end":{"line":123,"column":71}},"46":{"start":{"line":125,"column":4},"end":{"line":128,"column":7}},"47":{"start":{"line":162,"column":27},"end":{"line":163,"column":null}},"48":{"start":{"line":165,"column":4},"end":{"line":165,"column":57}},"49":{"start":{"line":167,"column":16},"end":{"line":167,"column":65}},"50":{"start":{"line":168,"column":19},"end":{"line":171,"column":6}},"51":{"start":{"line":172,"column":4},"end":{"line":175,"column":6}},"52":{"start":{"line":177,"column":4},"end":{"line":180,"column":6}},"53":{"start":{"line":183,"column":6},"end":{"line":183,"column":126}},"54":{"start":{"line":185,"column":4},"end":{"line":188,"column":6}},"55":{"start":{"line":189,"column":4},"end":{"line":189,"column":61}},"56":{"start":{"line":190,"column":4},"end":{"line":190,"column":61}},"57":{"start":{"line":194,"column":4},"end":{"line":194,"column":50}},"58":{"start":{"line":62,"column":0},"end":{"line":62,"column":21}}},"fnMap":{"0":{"name":"(anonymous_13)","decl":{"start":{"line":68,"column":2},"end":{"line":68,"column":14}},"loc":{"start":{"line":68,"column":26},"end":{"line":92,"column":3}}},"1":{"name":"(anonymous_14)","decl":{"start":{"line":131,"column":24},"end":{"line":131,"column":27}},"loc":{"start":{"line":131,"column":29},"end":{"line":133,"column":3}}},"2":{"name":"(anonymous_15)","decl":{"start":{"line":135,"column":30},"end":{"line":135,"column":33}},"loc":{"start":{"line":135,"column":35},"end":{"line":137,"column":3}}},"3":{"name":"(anonymous_16)","decl":{"start":{"line":140,"column":18},"end":{"line":140,"column":19}},"loc":{"start":{"line":140,"column":35},"end":{"line":143,"column":5}}},"4":{"name":"(anonymous_17)","decl":{"start":{"line":147,"column":26},"end":{"line":147,"column":29}},"loc":{"start":{"line":147,"column":31},"end":{"line":159,"column":3}}},"5":{"name":"(anonymous_18)","decl":{"start":{"line":154,"column":6},"end":{"line":154,"column":9}},"loc":{"start":{"line":154,"column":11},"end":{"line":157,"column":7}}},"6":{"name":"(anonymous_19)","decl":{"start":{"line":197,"column":35},"end":{"line":197,"column":44}},"loc":{"start":{"line":197,"column":46},"end":{"line":210,"column":null}}},"7":{"name":"(anonymous_20)","decl":{"start":{"line":197,"column":46},"end":{"line":197,"column":null}},"loc":{"start":{"line":197,"column":46},"end":{"line":210,"column":3}}},"8":{"name":"(anonymous_21)","decl":{"start":{"line":212,"column":49},"end":{"line":212,"column":null}},"loc":{"start":{"line":218,"column":30},"end":{"line":227,"column":3}}},"9":{"name":"(anonymous_22)","decl":{"start":{"line":95,"column":8},"end":{"line":95,"column":25}},"loc":{"start":{"line":95,"column":25},"end":{"line":97,"column":null}}},"10":{"name":"(anonymous_25)","decl":{"start":{"line":100,"column":8},"end":{"line":100,"column":15}},"loc":{"start":{"line":100,"column":46},"end":{"line":112,"column":null}}},"11":{"name":"(anonymous_27)","decl":{"start":{"line":114,"column":2},"end":{"line":114,"column":27}},"loc":{"start":{"line":114,"column":70},"end":{"line":129,"column":3}}},"12":{"name":"(anonymous_28)","decl":{"start":{"line":161,"column":8},"end":{"line":161,"column":19}},"loc":{"start":{"line":161,"column":34},"end":{"line":191,"column":null}}},"13":{"name":"(anonymous_30)","decl":{"start":{"line":193,"column":2},"end":{"line":193,"column":26}},"loc":{"start":{"line":193,"column":46},"end":{"line":195,"column":3}}}},"branchMap":{"0":{"loc":{"start":{"line":155,"column":18},"end":{"line":155,"column":55}},"type":"cond-expr","locations":[{"start":{"line":155,"column":49},"end":{"line":155,"column":53}},{"start":{"line":155,"column":53},"end":{"line":155,"column":55}}]},"1":{"loc":{"start":{"line":155,"column":18},"end":{"line":155,"column":53}},"type":"binary-expr","locations":[{"start":{"line":155,"column":18},"end":{"line":155,"column":53}},{"start":{"line":155,"column":49},"end":{"line":155,"column":53}}]},"2":{"loc":{"start":{"line":199,"column":12},"end":{"line":199,"column":54}},"type":"cond-expr","locations":[{"start":{"line":199,"column":48},"end":{"line":199,"column":52}},{"start":{"line":199,"column":52},"end":{"line":199,"column":54}}]},"3":{"loc":{"start":{"line":199,"column":12},"end":{"line":199,"column":52}},"type":"binary-expr","locations":[{"start":{"line":199,"column":12},"end":{"line":199,"column":52}},{"start":{"line":199,"column":48},"end":{"line":199,"column":52}}]},"4":{"loc":{"start":{"line":199,"column":12},"end":{"line":199,"column":48}},"type":"cond-expr","locations":[{"start":{"line":199,"column":44},"end":{"line":199,"column":46}},{"start":{"line":199,"column":44},"end":{"line":199,"column":48}}]},"5":{"loc":{"start":{"line":199,"column":12},"end":{"line":199,"column":46}},"type":"binary-expr","locations":[{"start":{"line":199,"column":12},"end":{"line":199,"column":46}},{"start":{"line":199,"column":44},"end":{"line":199,"column":46}}]},"6":{"loc":{"start":{"line":200,"column":14},"end":{"line":200,"column":74}},"type":"cond-expr","locations":[{"start":{"line":200,"column":68},"end":{"line":200,"column":72}},{"start":{"line":200,"column":72},"end":{"line":200,"column":74}}]},"7":{"loc":{"start":{"line":200,"column":14},"end":{"line":200,"column":72}},"type":"binary-expr","locations":[{"start":{"line":200,"column":14},"end":{"line":200,"column":72}},{"start":{"line":200,"column":68},"end":{"line":200,"column":72}}]},"8":{"loc":{"start":{"line":200,"column":14},"end":{"line":200,"column":68}},"type":"cond-expr","locations":[{"start":{"line":200,"column":46},"end":{"line":200,"column":48}},{"start":{"line":200,"column":46},"end":{"line":200,"column":68}}]},"9":{"loc":{"start":{"line":200,"column":14},"end":{"line":200,"column":48}},"type":"binary-expr","locations":[{"start":{"line":200,"column":14},"end":{"line":200,"column":48}},{"start":{"line":200,"column":46},"end":{"line":200,"column":48}}]},"10":{"loc":{"start":{"line":201,"column":14},"end":{"line":201,"column":99}},"type":"cond-expr","locations":[{"start":{"line":201,"column":93},"end":{"line":201,"column":97}},{"start":{"line":201,"column":97},"end":{"line":201,"column":99}}]},"11":{"loc":{"start":{"line":201,"column":14},"end":{"line":201,"column":97}},"type":"binary-expr","locations":[{"start":{"line":201,"column":14},"end":{"line":201,"column":97}},{"start":{"line":201,"column":93},"end":{"line":201,"column":97}}]},"12":{"loc":{"start":{"line":201,"column":14},"end":{"line":201,"column":93}},"type":"cond-expr","locations":[{"start":{"line":201,"column":46},"end":{"line":201,"column":48}},{"start":{"line":201,"column":46},"end":{"line":201,"column":93}}]},"13":{"loc":{"start":{"line":201,"column":14},"end":{"line":201,"column":48}},"type":"binary-expr","locations":[{"start":{"line":201,"column":14},"end":{"line":201,"column":48}},{"start":{"line":201,"column":46},"end":{"line":201,"column":48}}]},"14":{"loc":{"start":{"line":202,"column":13},"end":{"line":202,"column":75}},"type":"cond-expr","locations":[{"start":{"line":202,"column":69},"end":{"line":202,"column":73}},{"start":{"line":202,"column":73},"end":{"line":202,"column":75}}]},"15":{"loc":{"start":{"line":202,"column":13},"end":{"line":202,"column":73}},"type":"binary-expr","locations":[{"start":{"line":202,"column":13},"end":{"line":202,"column":73}},{"start":{"line":202,"column":69},"end":{"line":202,"column":73}}]},"16":{"loc":{"start":{"line":202,"column":13},"end":{"line":202,"column":69}},"type":"cond-expr","locations":[{"start":{"line":202,"column":45},"end":{"line":202,"column":47}},{"start":{"line":202,"column":45},"end":{"line":202,"column":69}}]},"17":{"loc":{"start":{"line":202,"column":13},"end":{"line":202,"column":47}},"type":"binary-expr","locations":[{"start":{"line":202,"column":13},"end":{"line":202,"column":47}},{"start":{"line":202,"column":45},"end":{"line":202,"column":47}}]},"18":{"loc":{"start":{"line":203,"column":16},"end":{"line":203,"column":73}},"type":"cond-expr","locations":[{"start":{"line":203,"column":67},"end":{"line":203,"column":71}},{"start":{"line":203,"column":71},"end":{"line":203,"column":73}}]},"19":{"loc":{"start":{"line":203,"column":16},"end":{"line":203,"column":71}},"type":"binary-expr","locations":[{"start":{"line":203,"column":16},"end":{"line":203,"column":71}},{"start":{"line":203,"column":67},"end":{"line":203,"column":71}}]},"20":{"loc":{"start":{"line":203,"column":16},"end":{"line":203,"column":67}},"type":"cond-expr","locations":[{"start":{"line":203,"column":48},"end":{"line":203,"column":50}},{"start":{"line":203,"column":48},"end":{"line":203,"column":67}}]},"21":{"loc":{"start":{"line":203,"column":16},"end":{"line":203,"column":50}},"type":"binary-expr","locations":[{"start":{"line":203,"column":16},"end":{"line":203,"column":50}},{"start":{"line":203,"column":48},"end":{"line":203,"column":50}}]},"22":{"loc":{"start":{"line":207,"column":4},"end":{"line":209,"column":78}},"type":"cond-expr","locations":[{"start":{"line":208,"column":7},"end":{"line":208,"column":77}},{"start":{"line":209,"column":7},"end":{"line":209,"column":78}}]},"23":{"loc":{"start":{"line":101,"column":4},"end":{"line":111,"column":null}},"type":"if","locations":[{"start":{"line":101,"column":4},"end":{"line":111,"column":null}}]},"24":{"loc":{"start":{"line":107,"column":6},"end":{"line":109,"column":null}},"type":"if","locations":[{"start":{"line":107,"column":6},"end":{"line":109,"column":null}}]},"25":{"loc":{"start":{"line":122,"column":4},"end":{"line":122,"column":70}},"type":"if","locations":[{"start":{"line":122,"column":4},"end":{"line":122,"column":70}}]},"26":{"loc":{"start":{"line":123,"column":4},"end":{"line":123,"column":71}},"type":"if","locations":[{"start":{"line":123,"column":4},"end":{"line":123,"column":71}}]},"27":{"loc":{"start":{"line":123,"column":8},"end":{"line":123,"column":28}},"type":"cond-expr","locations":[{"start":{"line":123,"column":20},"end":{"line":123,"column":22}},{"start":{"line":123,"column":8},"end":{"line":123,"column":28}}]},"28":{"loc":{"start":{"line":123,"column":8},"end":{"line":123,"column":22}},"type":"binary-expr","locations":[{"start":{"line":123,"column":8},"end":{"line":123,"column":22}},{"start":{"line":123,"column":8},"end":{"line":123,"column":22}}]},"29":{"loc":{"start":{"line":127,"column":19},"end":{"line":127,"column":67}},"type":"cond-expr","locations":[{"start":{"line":127,"column":42},"end":{"line":127,"column":62}},{"start":{"line":127,"column":65},"end":{"line":127,"column":67}}]}},"s":{"0":1,"1":1,"2":1,"3":1,"4":1,"5":1,"6":1,"7":1,"8":1,"9":1,"10":1,"11":1,"12":1,"13":1,"14":1,"15":1,"16":1,"17":1,"18":1,"19":1,"20":1,"21":1,"22":1,"23":1,"24":1,"25":1,"26":1,"27":1,"28":1,"29":0,"30":0,"31":1,"32":1,"33":1,"34":1,"35":1,"36":1,"37":1,"38":1,"39":1,"40":1,"41":1,"42":1,"43":0,"44":1,"45":0,"46":1,"47":1,"48":1,"49":1,"50":1,"51":1,"52":1,"53":1,"54":1,"55":1,"56":1,"57":1,"58":1},"f":{"0":1,"1":1,"2":1,"3":1,"4":1,"5":1,"6":1,"7":1,"8":0,"9":1,"10":1,"11":1,"12":1,"13":1},"b":{"0":[1,0],"1":[1,1],"2":[1,0],"3":[1,1],"4":[0,1],"5":[1,1],"6":[1,0],"7":[1,1],"8":[0,1],"9":[1,1],"10":[1,0],"11":[1,1],"12":[0,1],"13":[1,1],"14":[0,1],"15":[1,0],"16":[0,1],"17":[1,1],"18":[1,0],"19":[1,1],"20":[0,1],"21":[1,1],"22":[0,1],"23":[1],"24":[1],"25":[0],"26":[0],"27":[0,1],"28":[1,1],"29":[0,1]}}
,"/Users/macm14/Documents/NXZWAW/nxzwav-294793-react-native/src/packages/blocks/chat/src/ChatView.tsx": {"path":"/Users/macm14/Documents/NXZWAW/nxzwav-294793-react-native/src/packages/blocks/chat/src/ChatView.tsx","statementMap":{"0":{"start":{"line":1,"column":0},"end":{"line":1,"column":26}},"1":{"start":{"line":4,"column":0},"end":{"line":4,"column":null}},"2":{"start":{"line":16,"column":0},"end":{"line":16,"column":60}},"3":{"start":{"line":17,"column":0},"end":{"line":17,"column":92}},"4":{"start":{"line":18,"column":0},"end":{"line":18,"column":50}},"5":{"start":{"line":19,"column":0},"end":{"line":19,"column":48}},"6":{"start":{"line":20,"column":0},"end":{"line":20,"column":94}},"7":{"start":{"line":21,"column":0},"end":{"line":21,"column":83}},"8":{"start":{"line":24,"column":0},"end":{"line":24,"column":null}},"9":{"start":{"line":33,"column":4},"end":{"line":33,"column":17}},"10":{"start":{"line":39,"column":2},"end":{"line":80,"column":null}},"11":{"start":{"line":40,"column":18},"end":{"line":40,"column":44}},"12":{"start":{"line":41,"column":19},"end":{"line":41,"column":46}},"13":{"start":{"line":42,"column":19},"end":{"line":42,"column":46}},"14":{"start":{"line":43,"column":21},"end":{"line":43,"column":50}},"15":{"start":{"line":44,"column":4},"end":{"line":79,"column":null}},"16":{"start":{"line":82,"column":2},"end":{"line":95,"column":4}},"17":{"start":{"line":83,"column":21},"end":{"line":83,"column":90}},"18":{"start":{"line":84,"column":4},"end":{"line":94,"column":6}},"19":{"start":{"line":102,"column":18},"end":{"line":102,"column":44}},"20":{"start":{"line":103,"column":19},"end":{"line":103,"column":46}},"21":{"start":{"line":104,"column":19},"end":{"line":104,"column":46}},"22":{"start":{"line":105,"column":35},"end":{"line":105,"column":88}},"23":{"start":{"line":106,"column":4},"end":{"line":208,"column":6}},"24":{"start":{"line":166,"column":18},"end":{"line":166,"column":38}},"25":{"start":{"line":175,"column":44},"end":{"line":175,"column":69}},"26":{"start":{"line":31,"column":0},"end":{"line":31,"column":21}},"27":{"start":{"line":215,"column":15},"end":{"line":475,"column":2}}},"fnMap":{"0":{"name":"(anonymous_7)","decl":{"start":{"line":32,"column":2},"end":{"line":32,"column":14}},"loc":{"start":{"line":32,"column":26},"end":{"line":36,"column":3}}},"1":{"name":"(anonymous_8)","decl":{"start":{"line":39,"column":20},"end":{"line":39,"column":23}},"loc":{"start":{"line":39,"column":25},"end":{"line":80,"column":3}}},"2":{"name":"(anonymous_9)","decl":{"start":{"line":82,"column":19},"end":{"line":82,"column":20}},"loc":{"start":{"line":82,"column":38},"end":{"line":95,"column":3}}},"3":{"name":"(anonymous_10)","decl":{"start":{"line":98,"column":2},"end":{"line":98,"column":8}},"loc":{"start":{"line":98,"column":8},"end":{"line":211,"column":3}}},"4":{"name":"(anonymous_11)","decl":{"start":{"line":165,"column":25},"end":{"line":165,"column":28}},"loc":{"start":{"line":165,"column":30},"end":{"line":167,"column":17}}},"5":{"name":"(anonymous_12)","decl":{"start":{"line":175,"column":30},"end":{"line":175,"column":31}},"loc":{"start":{"line":175,"column":44},"end":{"line":175,"column":69}}}},"branchMap":{"0":{"loc":{"start":{"line":51,"column":23},"end":{"line":51,"column":70}},"type":"cond-expr","locations":[{"start":{"line":51,"column":33},"end":{"line":51,"column":40}},{"start":{"line":51,"column":43},"end":{"line":51,"column":70}}]},"1":{"loc":{"start":{"line":59,"column":68},"end":{"line":59,"column":82}},"type":"cond-expr","locations":[{"start":{"line":59,"column":68},"end":{"line":59,"column":76}},{"start":{"line":59,"column":80},"end":{"line":59,"column":82}}]},"2":{"loc":{"start":{"line":59,"column":68},"end":{"line":59,"column":80}},"type":"binary-expr","locations":[{"start":{"line":59,"column":68},"end":{"line":59,"column":80}},{"start":{"line":59,"column":68},"end":{"line":59,"column":80}}]},"3":{"loc":{"start":{"line":64,"column":13},"end":{"line":64,"column":27}},"type":"cond-expr","locations":[{"start":{"line":64,"column":13},"end":{"line":64,"column":21}},{"start":{"line":64,"column":25},"end":{"line":64,"column":27}}]},"4":{"loc":{"start":{"line":64,"column":13},"end":{"line":64,"column":25}},"type":"binary-expr","locations":[{"start":{"line":64,"column":13},"end":{"line":64,"column":25}},{"start":{"line":64,"column":13},"end":{"line":64,"column":25}}]},"5":{"loc":{"start":{"line":68,"column":13},"end":{"line":68,"column":29}},"type":"cond-expr","locations":[{"start":{"line":68,"column":13},"end":{"line":68,"column":23}},{"start":{"line":68,"column":27},"end":{"line":68,"column":29}}]},"6":{"loc":{"start":{"line":68,"column":13},"end":{"line":68,"column":27}},"type":"binary-expr","locations":[{"start":{"line":68,"column":13},"end":{"line":68,"column":27}},{"start":{"line":68,"column":13},"end":{"line":68,"column":27}}]},"7":{"loc":{"start":{"line":105,"column":35},"end":{"line":105,"column":88}},"type":"cond-expr","locations":[{"start":{"line":105,"column":59},"end":{"line":105,"column":72}},{"start":{"line":105,"column":75},"end":{"line":105,"column":88}}]},"8":{"loc":{"start":{"line":132,"column":27},"end":{"line":132,"column":74}},"type":"cond-expr","locations":[{"start":{"line":132,"column":37},"end":{"line":132,"column":44}},{"start":{"line":132,"column":47},"end":{"line":132,"column":74}}]},"9":{"loc":{"start":{"line":149,"column":96},"end":{"line":149,"column":110}},"type":"cond-expr","locations":[{"start":{"line":149,"column":96},"end":{"line":149,"column":104}},{"start":{"line":149,"column":108},"end":{"line":149,"column":110}}]},"10":{"loc":{"start":{"line":149,"column":96},"end":{"line":149,"column":108}},"type":"binary-expr","locations":[{"start":{"line":149,"column":96},"end":{"line":149,"column":108}},{"start":{"line":149,"column":96},"end":{"line":149,"column":108}}]},"11":{"loc":{"start":{"line":154,"column":19},"end":{"line":154,"column":33}},"type":"cond-expr","locations":[{"start":{"line":154,"column":19},"end":{"line":154,"column":27}},{"start":{"line":154,"column":31},"end":{"line":154,"column":33}}]},"12":{"loc":{"start":{"line":154,"column":19},"end":{"line":154,"column":31}},"type":"binary-expr","locations":[{"start":{"line":154,"column":19},"end":{"line":154,"column":31}},{"start":{"line":154,"column":19},"end":{"line":154,"column":31}}]},"13":{"loc":{"start":{"line":161,"column":15},"end":{"line":176,"column":null}},"type":"cond-expr","locations":[{"start":{"line":161,"column":52},"end":{"line":162,"column":null}},{"start":{"line":163,"column":24},"end":{"line":176,"column":null}}]},"14":{"loc":{"start":{"line":198,"column":28},"end":{"line":198,"column":54}},"type":"cond-expr","locations":[{"start":{"line":198,"column":46},"end":{"line":198,"column":48}},{"start":{"line":198,"column":46},"end":{"line":198,"column":54}}]},"15":{"loc":{"start":{"line":198,"column":28},"end":{"line":198,"column":48}},"type":"binary-expr","locations":[{"start":{"line":198,"column":28},"end":{"line":198,"column":48}},{"start":{"line":198,"column":46},"end":{"line":198,"column":48}}]}},"s":{"0":1,"1":1,"2":1,"3":1,"4":1,"5":1,"6":1,"7":1,"8":1,"9":1,"10":1,"11":3,"12":3,"13":3,"14":3,"15":3,"16":1,"17":2,"18":2,"19":10,"20":10,"21":10,"22":10,"23":10,"24":0,"25":2,"26":1,"27":1},"f":{"0":1,"1":3,"2":2,"3":10,"4":0,"5":2},"b":{"0":[0,3],"1":[2,1],"2":[3,3],"3":[2,1],"4":[3,3],"5":[2,1],"6":[3,3],"7":[0,10],"8":[0,10],"9":[8,2],"10":[10,10],"11":[8,2],"12":[10,10],"13":[3,7],"14":[0,10],"15":[10,10]}}
,"/Users/macm14/Documents/NXZWAW/nxzwav-294793-react-native/src/packages/blocks/chat/src/ChatView.web.tsx": {"path":"/Users/macm14/Documents/NXZWAW/nxzwav-294793-react-native/src/packages/blocks/chat/src/ChatView.web.tsx","statementMap":{"0":{"start":{"line":1,"column":0},"end":{"line":1,"column":26}},"1":{"start":{"line":4,"column":0},"end":{"line":4,"column":null}},"2":{"start":{"line":13,"column":0},"end":{"line":13,"column":70}},"3":{"start":{"line":14,"column":0},"end":{"line":14,"column":57}},"4":{"start":{"line":15,"column":0},"end":{"line":15,"column":55}},"5":{"start":{"line":16,"column":0},"end":{"line":16,"column":57}},"6":{"start":{"line":18,"column":14},"end":{"line":25,"column":2}},"7":{"start":{"line":28,"column":0},"end":{"line":28,"column":75}},"8":{"start":{"line":29,"column":0},"end":{"line":29,"column":46}},"9":{"start":{"line":36,"column":4},"end":{"line":36,"column":17}},"10":{"start":{"line":42,"column":2},"end":{"line":81,"column":4}},"11":{"start":{"line":43,"column":4},"end":{"line":79,"column":null}},"12":{"start":{"line":54,"column":12},"end":{"line":54,"column":null}},"13":{"start":{"line":63,"column":14},"end":{"line":63,"column":78}},"14":{"start":{"line":74,"column":27},"end":{"line":74,"column":43}},"15":{"start":{"line":83,"column":2},"end":{"line":125,"column":4}},"16":{"start":{"line":83,"column":28},"end":{"line":125,"column":4}},"17":{"start":{"line":96,"column":29},"end":{"line":96,"column":52}},"18":{"start":{"line":108,"column":14},"end":{"line":108,"column":null}},"19":{"start":{"line":127,"column":2},"end":{"line":154,"column":4}},"20":{"start":{"line":128,"column":25},"end":{"line":128,"column":35}},"21":{"start":{"line":129,"column":18},"end":{"line":129,"column":57}},"22":{"start":{"line":130,"column":4},"end":{"line":153,"column":6}},"23":{"start":{"line":135,"column":50},"end":{"line":151,"column":null}},"24":{"start":{"line":159,"column":25},"end":{"line":159,"column":35}},"25":{"start":{"line":160,"column":4},"end":{"line":239,"column":6}},"26":{"start":{"line":173,"column":33},"end":{"line":173,"column":49}},"27":{"start":{"line":181,"column":33},"end":{"line":181,"column":70}},"28":{"start":{"line":206,"column":20},"end":{"line":206,"column":null}},"29":{"start":{"line":34,"column":0},"end":{"line":34,"column":21}},"30":{"start":{"line":245,"column":18},"end":{"line":348,"column":2}}},"fnMap":{"0":{"name":"(anonymous_1)","decl":{"start":{"line":35,"column":2},"end":{"line":35,"column":14}},"loc":{"start":{"line":35,"column":26},"end":{"line":39,"column":3}}},"1":{"name":"(anonymous_2)","decl":{"start":{"line":42,"column":26},"end":{"line":42,"column":29}},"loc":{"start":{"line":43,"column":4},"end":{"line":79,"column":null}}},"2":{"name":"(anonymous_3)","decl":{"start":{"line":53,"column":20},"end":{"line":53,"column":21}},"loc":{"start":{"line":53,"column":30},"end":{"line":54,"column":null}}},"3":{"name":"(anonymous_4)","decl":{"start":{"line":62,"column":21},"end":{"line":62,"column":24}},"loc":{"start":{"line":63,"column":14},"end":{"line":63,"column":78}}},"4":{"name":"(anonymous_5)","decl":{"start":{"line":74,"column":21},"end":{"line":74,"column":24}},"loc":{"start":{"line":74,"column":27},"end":{"line":74,"column":43}}},"5":{"name":"(anonymous_6)","decl":{"start":{"line":83,"column":22},"end":{"line":83,"column":25}},"loc":{"start":{"line":83,"column":27},"end":{"line":125,"column":4}}},"6":{"name":"(anonymous_7)","decl":{"start":{"line":96,"column":23},"end":{"line":96,"column":26}},"loc":{"start":{"line":96,"column":29},"end":{"line":96,"column":52}}},"7":{"name":"(anonymous_8)","decl":{"start":{"line":107,"column":22},"end":{"line":107,"column":23}},"loc":{"start":{"line":107,"column":32},"end":{"line":108,"column":null}}},"8":{"name":"(anonymous_9)","decl":{"start":{"line":127,"column":19},"end":{"line":127,"column":22}},"loc":{"start":{"line":127,"column":24},"end":{"line":154,"column":3}}},"9":{"name":"(anonymous_10)","decl":{"start":{"line":135,"column":15},"end":{"line":135,"column":16}},"loc":{"start":{"line":135,"column":49},"end":{"line":151,"column":null}}},"10":{"name":"(anonymous_11)","decl":{"start":{"line":157,"column":2},"end":{"line":157,"column":8}},"loc":{"start":{"line":157,"column":8},"end":{"line":241,"column":3}}},"11":{"name":"(anonymous_12)","decl":{"start":{"line":173,"column":27},"end":{"line":173,"column":30}},"loc":{"start":{"line":173,"column":33},"end":{"line":173,"column":49}}},"12":{"name":"(anonymous_13)","decl":{"start":{"line":181,"column":27},"end":{"line":181,"column":30}},"loc":{"start":{"line":181,"column":33},"end":{"line":181,"column":70}}},"13":{"name":"(anonymous_14)","decl":{"start":{"line":205,"column":28},"end":{"line":205,"column":29}},"loc":{"start":{"line":205,"column":38},"end":{"line":206,"column":null}}}},"branchMap":{"0":{"loc":{"start":{"line":54,"column":43},"end":{"line":54,"column":71}},"type":"cond-expr","locations":[{"start":{"line":54,"column":64},"end":{"line":54,"column":68}},{"start":{"line":54,"column":68},"end":{"line":54,"column":71}}]},"1":{"loc":{"start":{"line":54,"column":43},"end":{"line":54,"column":68}},"type":"binary-expr","locations":[{"start":{"line":54,"column":43},"end":{"line":54,"column":68}},{"start":{"line":54,"column":64},"end":{"line":54,"column":68}}]},"2":{"loc":{"start":{"line":54,"column":43},"end":{"line":54,"column":64}},"type":"cond-expr","locations":[{"start":{"line":54,"column":57},"end":{"line":54,"column":59}},{"start":{"line":54,"column":57},"end":{"line":54,"column":64}}]},"3":{"loc":{"start":{"line":54,"column":43},"end":{"line":54,"column":59}},"type":"binary-expr","locations":[{"start":{"line":54,"column":43},"end":{"line":54,"column":59}},{"start":{"line":54,"column":57},"end":{"line":54,"column":59}}]},"4":{"loc":{"start":{"line":54,"column":44},"end":{"line":54,"column":57}},"type":"cond-expr","locations":[{"start":{"line":54,"column":49},"end":{"line":54,"column":51}},{"start":{"line":54,"column":44},"end":{"line":54,"column":57}}]},"5":{"loc":{"start":{"line":54,"column":44},"end":{"line":54,"column":51}},"type":"binary-expr","locations":[{"start":{"line":54,"column":44},"end":{"line":54,"column":51}},{"start":{"line":54,"column":44},"end":{"line":54,"column":51}}]},"6":{"loc":{"start":{"line":108,"column":38},"end":{"line":108,"column":67}},"type":"cond-expr","locations":[{"start":{"line":108,"column":59},"end":{"line":108,"column":63}},{"start":{"line":108,"column":63},"end":{"line":108,"column":67}}]},"7":{"loc":{"start":{"line":108,"column":38},"end":{"line":108,"column":63}},"type":"binary-expr","locations":[{"start":{"line":108,"column":38},"end":{"line":108,"column":63}},{"start":{"line":108,"column":59},"end":{"line":108,"column":63}}]},"8":{"loc":{"start":{"line":108,"column":38},"end":{"line":108,"column":59}},"type":"cond-expr","locations":[{"start":{"line":108,"column":52},"end":{"line":108,"column":54}},{"start":{"line":108,"column":52},"end":{"line":108,"column":59}}]},"9":{"loc":{"start":{"line":108,"column":38},"end":{"line":108,"column":54}},"type":"binary-expr","locations":[{"start":{"line":108,"column":38},"end":{"line":108,"column":54}},{"start":{"line":108,"column":52},"end":{"line":108,"column":54}}]},"10":{"loc":{"start":{"line":108,"column":39},"end":{"line":108,"column":52}},"type":"cond-expr","locations":[{"start":{"line":108,"column":44},"end":{"line":108,"column":46}},{"start":{"line":108,"column":39},"end":{"line":108,"column":52}}]},"11":{"loc":{"start":{"line":108,"column":39},"end":{"line":108,"column":46}},"type":"binary-expr","locations":[{"start":{"line":108,"column":39},"end":{"line":108,"column":46}},{"start":{"line":108,"column":39},"end":{"line":108,"column":46}}]},"12":{"loc":{"start":{"line":116,"column":24},"end":{"line":116,"column":50}},"type":"cond-expr","locations":[{"start":{"line":116,"column":42},"end":{"line":116,"column":44}},{"start":{"line":116,"column":42},"end":{"line":116,"column":50}}]},"13":{"loc":{"start":{"line":116,"column":24},"end":{"line":116,"column":44}},"type":"binary-expr","locations":[{"start":{"line":116,"column":24},"end":{"line":116,"column":44}},{"start":{"line":116,"column":42},"end":{"line":116,"column":44}}]},"14":{"loc":{"start":{"line":129,"column":18},"end":{"line":129,"column":57}},"type":"cond-expr","locations":[{"start":{"line":129,"column":51},"end":{"line":129,"column":55}},{"start":{"line":129,"column":55},"end":{"line":129,"column":57}}]},"15":{"loc":{"start":{"line":129,"column":18},"end":{"line":129,"column":55}},"type":"binary-expr","locations":[{"start":{"line":129,"column":18},"end":{"line":129,"column":55}},{"start":{"line":129,"column":51},"end":{"line":129,"column":55}}]},"16":{"loc":{"start":{"line":129,"column":18},"end":{"line":129,"column":51}},"type":"cond-expr","locations":[{"start":{"line":129,"column":41},"end":{"line":129,"column":43}},{"start":{"line":129,"column":41},"end":{"line":129,"column":51}}]},"17":{"loc":{"start":{"line":129,"column":18},"end":{"line":129,"column":43}},"type":"binary-expr","locations":[{"start":{"line":129,"column":18},"end":{"line":129,"column":43}},{"start":{"line":129,"column":41},"end":{"line":129,"column":43}}]},"18":{"loc":{"start":{"line":129,"column":21},"end":{"line":129,"column":41}},"type":"cond-expr","locations":[{"start":{"line":129,"column":29},"end":{"line":129,"column":31}},{"start":{"line":129,"column":21},"end":{"line":129,"column":41}}]},"19":{"loc":{"start":{"line":129,"column":21},"end":{"line":129,"column":31}},"type":"binary-expr","locations":[{"start":{"line":129,"column":21},"end":{"line":129,"column":31}},{"start":{"line":129,"column":21},"end":{"line":129,"column":31}}]},"20":{"loc":{"start":{"line":132,"column":9},"end":{"line":151,"column":null}},"type":"cond-expr","locations":[{"start":{"line":132,"column":17},"end":{"line":132,"column":null}},{"start":{"line":132,"column":9},"end":{"line":151,"column":null}}]},"21":{"loc":{"start":{"line":132,"column":9},"end":{"line":132,"column":null}},"type":"binary-expr","locations":[{"start":{"line":132,"column":9},"end":{"line":132,"column":null}},{"start":{"line":132,"column":9},"end":{"line":132,"column":null}}]},"22":{"loc":{"start":{"line":140,"column":16},"end":{"line":142,"column":43}},"type":"cond-expr","locations":[{"start":{"line":141,"column":20},"end":{"line":141,"column":41}},{"start":{"line":142,"column":20},"end":{"line":142,"column":43}}]},"23":{"loc":{"start":{"line":146,"column":38},"end":{"line":146,"column":64}},"type":"cond-expr","locations":[{"start":{"line":146,"column":55},"end":{"line":146,"column":57}},{"start":{"line":146,"column":55},"end":{"line":146,"column":64}}]},"24":{"loc":{"start":{"line":146,"column":38},"end":{"line":146,"column":57}},"type":"binary-expr","locations":[{"start":{"line":146,"column":38},"end":{"line":146,"column":57}},{"start":{"line":146,"column":55},"end":{"line":146,"column":57}}]},"25":{"loc":{"start":{"line":147,"column":45},"end":{"line":148,"column":44}},"type":"cond-expr","locations":[{"start":{"line":148,"column":32},"end":{"line":148,"column":34}},{"start":{"line":148,"column":32},"end":{"line":148,"column":44}}]},"26":{"loc":{"start":{"line":147,"column":45},"end":{"line":148,"column":34}},"type":"binary-expr","locations":[{"start":{"line":147,"column":45},"end":{"line":148,"column":34}},{"start":{"line":148,"column":32},"end":{"line":148,"column":34}}]},"27":{"loc":{"start":{"line":164,"column":25},"end":{"line":164,"column":50}},"type":"cond-expr","locations":[{"start":{"line":164,"column":33},"end":{"line":164,"column":35}},{"start":{"line":164,"column":25},"end":{"line":164,"column":50}}]},"28":{"loc":{"start":{"line":164,"column":25},"end":{"line":164,"column":35}},"type":"binary-expr","locations":[{"start":{"line":164,"column":25},"end":{"line":164,"column":35}},{"start":{"line":164,"column":25},"end":{"line":164,"column":35}}]},"29":{"loc":{"start":{"line":167,"column":39},"end":{"line":168,"column":32}},"type":"cond-expr","locations":[{"start":{"line":168,"column":26},"end":{"line":168,"column":30}},{"start":{"line":168,"column":30},"end":{"line":168,"column":32}}]},"30":{"loc":{"start":{"line":167,"column":39},"end":{"line":168,"column":30}},"type":"binary-expr","locations":[{"start":{"line":167,"column":39},"end":{"line":168,"column":30}},{"start":{"line":168,"column":26},"end":{"line":168,"column":30}}]},"31":{"loc":{"start":{"line":167,"column":39},"end":{"line":168,"column":26}},"type":"cond-expr","locations":[{"start":{"line":167,"column":78},"end":{"line":167,"column":null}},{"start":{"line":167,"column":78},"end":{"line":168,"column":26}}]},"32":{"loc":{"start":{"line":167,"column":39},"end":{"line":167,"column":null}},"type":"binary-expr","locations":[{"start":{"line":167,"column":39},"end":{"line":167,"column":null}},{"start":{"line":167,"column":78},"end":{"line":167,"column":null}}]},"33":{"loc":{"start":{"line":167,"column":39},"end":{"line":167,"column":78}},"type":"cond-expr","locations":[{"start":{"line":167,"column":72},"end":{"line":167,"column":74}},{"start":{"line":167,"column":72},"end":{"line":167,"column":78}}]},"34":{"loc":{"start":{"line":167,"column":39},"end":{"line":167,"column":74}},"type":"binary-expr","locations":[{"start":{"line":167,"column":39},"end":{"line":167,"column":74}},{"start":{"line":167,"column":72},"end":{"line":167,"column":74}}]},"35":{"loc":{"start":{"line":167,"column":39},"end":{"line":167,"column":72}},"type":"cond-expr","locations":[{"start":{"line":167,"column":62},"end":{"line":167,"column":64}},{"start":{"line":167,"column":62},"end":{"line":167,"column":72}}]},"36":{"loc":{"start":{"line":167,"column":39},"end":{"line":167,"column":64}},"type":"binary-expr","locations":[{"start":{"line":167,"column":39},"end":{"line":167,"column":64}},{"start":{"line":167,"column":62},"end":{"line":167,"column":64}}]},"37":{"loc":{"start":{"line":167,"column":39},"end":{"line":167,"column":62}},"type":"cond-expr","locations":[{"start":{"line":167,"column":47},"end":{"line":167,"column":49}},{"start":{"line":167,"column":39},"
[...]
lumn":25}},"loc":{"start":{"line":153,"column":25},"end":{"line":166,"column":null}}},"7":{"name":"(anonymous_23)","decl":{"start":{"line":161,"column":8},"end":{"line":161,"column":11}},"loc":{"start":{"line":161,"column":14},"end":{"line":161,"column":32}}},"8":{"name":"(anonymous_24)","decl":{"start":{"line":168,"column":8},"end":{"line":168,"column":28}},"loc":{"start":{"line":168,"column":28},"end":{"line":170,"column":null}}},"9":{"name":"(anonymous_26)","decl":{"start":{"line":223,"column":8},"end":{"line":223,"column":15}},"loc":{"start":{"line":223,"column":46},"end":{"line":285,"column":null}}},"10":{"name":"(anonymous_28)","decl":{"start":{"line":241,"column":12},"end":{"line":241,"column":15}},"loc":{"start":{"line":241,"column":17},"end":{"line":247,"column":13}}},"11":{"name":"(anonymous_29)","decl":{"start":{"line":291,"column":2},"end":{"line":291,"column":13}},"loc":{"start":{"line":291,"column":13},"end":{"line":321,"column":3}}},"12":{"name":"(anonymous_30)","decl":{"start":{"line":323,"column":8},"end":{"line":323,"column":21}},"loc":{"start":{"line":323,"column":40},"end":{"line":351,"column":null}}},"13":{"name":"(anonymous_32)","decl":{"start":{"line":353,"column":2},"end":{"line":353,"column":16}},"loc":{"start":{"line":353,"column":16},"end":{"line":389,"column":3}}},"14":{"name":"(anonymous_33)","decl":{"start":{"line":391,"column":2},"end":{"line":391,"column":31}},"loc":{"start":{"line":391,"column":31},"end":{"line":398,"column":3}}}},"branchMap":{"0":{"loc":{"start":{"line":224,"column":4},"end":{"line":284,"column":null}},"type":"if","locations":[{"start":{"line":224,"column":4},"end":{"line":284,"column":null}},{"start":{"line":270,"column":9},"end":{"line":284,"column":null}}]},"1":{"loc":{"start":{"line":231,"column":6},"end":{"line":268,"column":null}},"type":"switch","locations":[{"start":{"line":232,"column":8},"end":{"line":235,"column":null}},{"start":{"line":236,"column":8},"end":{"line":250,"column":null}},{"start":{"line":251,"column":8},"end":{"line":262,"column":null}},{"start":{"line":263,"column":8},"end":{"line":267,"column":null}}]},"2":{"loc":{"start":{"line":239,"column":27},"end":{"line":239,"column":45}},"type":"cond-expr","locations":[{"start":{"line":239,"column":39},"end":{"line":239,"column":41}},{"start":{"line":239,"column":27},"end":{"line":239,"column":45}}]},"3":{"loc":{"start":{"line":239,"column":27},"end":{"line":239,"column":41}},"type":"binary-expr","locations":[{"start":{"line":239,"column":27},"end":{"line":239,"column":41}},{"start":{"line":239,"column":27},"end":{"line":239,"column":41}}]},"4":{"loc":{"start":{"line":242,"column":14},"end":{"line":246,"column":null}},"type":"if","locations":[{"start":{"line":242,"column":14},"end":{"line":246,"column":null}}]},"5":{"loc":{"start":{"line":242,"column":18},"end":{"line":242,"column":81}},"type":"binary-expr","locations":[{"start":{"line":242,"column":18},"end":{"line":242,"column":44}},{"start":{"line":242,"column":48},"end":{"line":242,"column":81}}]},"6":{"loc":{"start":{"line":252,"column":10},"end":{"line":260,"column":null}},"type":"if","locations":[{"start":{"line":252,"column":10},"end":{"line":260,"column":null}},{"start":{"line":254,"column":17},"end":{"line":260,"column":null}}]},"7":{"loc":{"start":{"line":270,"column":9},"end":{"line":284,"column":null}},"type":"if","locations":[{"start":{"line":270,"column":9},"end":{"line":284,"column":null}}]},"8":{"loc":{"start":{"line":277,"column":6},"end":{"line":283,"column":null}},"type":"if","locations":[{"start":{"line":277,"column":6},"end":{"line":283,"column":null}}]},"9":{"loc":{"start":{"line":279,"column":8},"end":{"line":282,"column":null}},"type":"if","locations":[{"start":{"line":279,"column":8},"end":{"line":282,"column":null}}]},"10":{"loc":{"start":{"line":279,"column":12},"end":{"line":279,"column":43}},"type":"binary-expr","locations":[{"start":{"line":279,"column":12},"end":{"line":279,"column":23}},{"start":{"line":279,"column":27},"end":{"line":279,"column":43}}]},"11":{"loc":{"start":{"line":375,"column":4},"end":{"line":379,"column":null}},"type":"if","locations":[{"start":{"line":375,"column":4},"end":{"line":379,"column":null}},{"start":{"line":377,"column":11},"end":{"line":379,"column":null}}]}},"s":{"0":1,"1":1,"2":1,"3":1,"4":1,"5":1,"6":1,"7":1,"8":1,"9":1,"10":1,"11":1,"12":1,"13":1,"14":1,"15":1,"16":1,"17":1,"18":1,"19":1,"20":1,"21":1,"22":1,"23":1,"24":1,"25":1,"26":1,"27":1,"28":1,"29":1,"30":1,"31":1,"32":1,"33":1,"34":1,"35":1,"36":1,"37":1,"38":1,"39":1,"40":1,"41":1,"42":1,"43":1,"44":1,"45":1,"46":1,"47":1,"48":1,"49":1,"50":1,"51":1,"52":1,"53":1,"54":1,"55":1,"56":1,"57":1,"58":1,"59":0,"60":1,"61":1,"62":1,"63":3,"64":3,"65":3,"66":3,"67":0,"68":0,"69":1,"70":1,"71":1,"72":1,"73":1,"74":1,"75":1,"76":0,"77":1,"78":1,"79":1,"80":0,"81":0,"82":0,"83":0,"84":0,"85":0,"86":0,"87":0,"88":2,"89":2,"90":2,"91":2,"92":2,"93":2,"94":2,"95":2,"96":0,"97":0,"98":0,"99":0,"100":0,"101":0,"102":0,"103":0,"104":1,"105":1,"106":1,"107":1,"108":1,"109":1,"110":1,"111":1,"112":0,"113":1,"114":1,"115":1,"116":1,"117":1,"118":1,"119":1,"120":1},"f":{"0":1,"1":1,"2":1,"3":1,"4":1,"5":1,"6":1,"7":0,"8":1,"9":3,"10":1,"11":2,"12":0,"13":1,"14":1},"b":{"0":[3,0],"1":[0,1,1,1],"2":[0,1],"3":[1,1],"4":[1],"5":[1,1],"6":[1,0],"7":[0],"8":[0],"9":[0],"10":[0,0],"11":[0,1]}}
,"/Users/macm14/Documents/NXZWAW/nxzwav-294793-react-native/src/packages/blocks/chat/src/assets.tsx": {"path":"/Users/macm14/Documents/NXZWAW/nxzwav-294793-react-native/src/packages/blocks/chat/src/assets.tsx","statementMap":{"0":{"start":{"line":1,"column":13},"end":{"line":1,"column":65}},"1":{"start":{"line":2,"column":13},"end":{"line":2,"column":56}},"2":{"start":{"line":4,"column":13},"end":{"line":4,"column":77}},"3":{"start":{"line":5,"column":13},"end":{"line":5,"column":69}},"4":{"start":{"line":6,"column":13},"end":{"line":6,"column":62}},"5":{"start":{"line":7,"column":13},"end":{"line":7,"column":88}},"6":{"start":{"line":8,"column":13},"end":{"line":8,"column":88}},"7":{"start":{"line":9,"column":13},"end":{"line":9,"column":63}},"8":{"start":{"line":10,"column":13},"end":{"line":10,"column":65}},"9":{"start":{"line":11,"column":13},"end":{"line":11,"column":75}},"10":{"start":{"line":12,"column":13},"end":{"line":12,"column":53}},"11":{"start":{"line":13,"column":13},"end":{"line":13,"column":63}},"12":{"start":{"line":14,"column":13},"end":{"line":14,"column":64}}},"fnMap":{},"branchMap":{},"s":{"0":4,"1":4,"2":4,"3":4,"4":4,"5":4,"6":4,"7":4,"8":4,"9":4,"10":4,"11":4,"12":4},"f":{},"b":{}}
,"/Users/macm14/Documents/NXZWAW/nxzwav-294793-react-native/src/packages/blocks/chat/src/config.js": {"path":"/Users/macm14/Documents/NXZWAW/nxzwav-294793-react-native/src/packages/blocks/chat/src/config.js","statementMap":{"0":{"start":{"line":1,"column":0},"end":{"line":3,"column":3}},"1":{"start":{"line":6,"column":0},"end":{"line":6,"column":44}},"2":{"start":{"line":7,"column":0},"end":{"line":7,"column":51}},"3":{"start":{"line":8,"column":0},"end":{"line":8,"column":29}},"4":{"start":{"line":9,"column":0},"end":{"line":9,"column":31}},"5":{"start":{"line":10,"column":0},"end":{"line":10,"column":29}},"6":{"start":{"line":12,"column":0},"end":{"line":12,"column":46}},"7":{"start":{"line":13,"column":0},"end":{"line":13,"column":43}},"8":{"start":{"line":14,"column":0},"end":{"line":14,"column":57}},"9":{"start":{"line":15,"column":0},"end":{"line":15,"column":64}},"10":{"start":{"line":16,"column":0},"end":{"line":16,"column":57}},"11":{"start":{"line":17,"column":0},"end":{"line":17,"column":49}},"12":{"start":{"line":18,"column":0},"end":{"line":18,"column":57}},"13":{"start":{"line":19,"column":0},"end":{"line":19,"column":50}},"14":{"start":{"line":20,"column":0},"end":{"line":20,"column":46}},"15":{"start":{"line":21,"column":0},"end":{"line":21,"column":66}},"16":{"start":{"line":22,"column":0},"end":{"line":22,"column":45}},"17":{"start":{"line":24,"column":0},"end":{"line":24,"column":53}},"18":{"start":{"line":26,"column":0},"end":{"line":26,"column":36}},"19":{"start":{"line":27,"column":0},"end":{"line":27,"column":44}},"20":{"start":{"line":28,"column":0},"end":{"line":28,"column":30}},"21":{"start":{"line":29,"column":0},"end":{"line":29,"column":34}},"22":{"start":{"line":30,"column":0},"end":{"line":30,"column":39}},"23":{"start":{"line":31,"column":0},"end":{"line":31,"column":41}},"24":{"start":{"line":32,"column":0},"end":{"line":32,"column":26}},"25":{"start":{"line":33,"column":0},"end":{"line":33,"column":30}},"26":{"start":{"line":34,"column":0},"end":{"line":34,"column":29}},"27":{"start":{"line":35,"column":0},"end":{"line":35,"column":65}},"28":{"start":{"line":37,"column":0},"end":{"line":37,"column":18}},"29":{"start":{"line":38,"column":0},"end":{"line":38,"column":18}},"30":{"start":{"line":39,"column":0},"end":{"line":39,"column":29}},"31":{"start":{"line":40,"column":0},"end":{"line":40,"column":34}},"32":{"start":{"line":41,"column":0},"end":{"line":41,"column":40}},"33":{"start":{"line":42,"column":0},"end":{"line":42,"column":21}},"34":{"start":{"line":43,"column":0},"end":{"line":43,"column":22}},"35":{"start":{"line":44,"column":0},"end":{"line":44,"column":64}},"36":{"start":{"line":46,"column":0},"end":{"line":46,"column":23}},"37":{"start":{"line":47,"column":0},"end":{"line":47,"column":25}},"38":{"start":{"line":48,"column":0},"end":{"line":48,"column":25}},"39":{"start":{"line":49,"column":0},"end":{"line":49,"column":26}}},"fnMap":{},"branchMap":{},"s":{"0":5,"1":5,"2":5,"3":5,"4":5,"5":5,"6":5,"7":5,"8":5,"9":5,"10":5,"11":5,"12":5,"13":5,"14":5,"15":5,"16":5,"17":5,"18":5,"19":5,"20":5,"21":5,"22":5,"23":5,"24":5,"25":5,"26":5,"27":5,"28":5,"29":5,"30":5,"31":5,"32":5,"33":5,"34":5,"35":5,"36":5,"37":5,"38":5,"39":5},"f":{},"b":{},"_coverageSchema":"1a1c01bbd47fc00a2c39e90264f33305004495a9","hash":"7f45a5ed59893b87a0edd8de1dbd040595d6065b"}
,"/Users/macm14/Documents/NXZWAW/nxzwav-294793-react-native/src/packages/blocks/chat/src/components/LockedMessage.tsx": {"path":"/Users/macm14/Documents/NXZWAW/nxzwav-294793-react-native/src/packages/blocks/chat/src/components/LockedMessage.tsx","statementMap":{"0":{"start":{"line":1,"column":0},"end":{"line":1,"column":94}},"1":{"start":{"line":2,"column":0},"end":{"line":2,"column":40}},"2":{"start":{"line":3,"column":0},"end":{"line":3,"column":69}},"3":{"start":{"line":4,"column":0},"end":{"line":4,"column":35}},"4":{"start":{"line":5,"column":0},"end":{"line":5,"column":47}},"5":{"start":{"line":7,"column":0},"end":{"line":7,"column":75}},"6":{"start":{"line":15,"column":4},"end":{"line":15,"column":null}},"7":{"start":{"line":17,"column":2},"end":{"line":17,"column":46}},"8":{"start":{"line":19,"column":4},"end":{"line":46,"column":null}},"9":{"start":{"line":42,"column":60},"end":{"line":42,"column":101}},"10":{"start":{"line":13,"column":0},"end":{"line":13,"column":13}},"11":{"start":{"line":50,"column":15},"end":{"line":115,"column":2}},"12":{"start":{"line":116,"column":0},"end":{"line":116,"column":null}}},"fnMap":{"0":{"name":"(anonymous_7)","decl":{"start":{"line":14,"column":2},"end":{"line":14,"column":14}},"loc":{"start":{"line":14,"column":26},"end":{"line":16,"column":3}}},"1":{"name":"(anonymous_8)","decl":{"start":{"line":18,"column":2},"end":{"line":18,"column":8}},"loc":{"start":{"line":18,"column":8},"end":{"line":47,"column":3}}},"2":{"name":"(anonymous_9)","decl":{"start":{"line":42,"column":54},"end":{"line":42,"column":57}},"loc":{"start":{"line":42,"column":60},"end":{"line":42,"column":101}}}},"branchMap":{"0":{"loc":{"start":{"line":21,"column":19},"end":{"line":21,"column":76}},"type":"cond-expr","locations":[{"start":{"line":21,"column":51},"end":{"line":21,"column":61}},{"start":{"line":21,"column":64},"end":{"line":21,"column":76}}]},"1":{"loc":{"start":{"line":22,"column":21},"end":{"line":22,"column":59}},"type":"cond-expr","locations":[{"start":{"line":22,"column":53},"end":{"line":22,"column":55}},{"start":{"line":22,"column":58},"end":{"line":22,"column":59}}]},"2":{"loc":{"start":{"line":24,"column":9},"end":{"line":27,"column":null}},"type":"binary-expr","locations":[{"start":{"line":24,"column":10},"end":{"line":24,"column":37}},{"start":{"line":25,"column":10},"end":{"line":27,"column":null}}]},"3":{"loc":{"start":{"line":33,"column":36},"end":{"line":33,"column":102}},"type":"cond-expr","locations":[{"start":{"line":33,"column":71},"end":{"line":33,"column":75}},{"start":{"line":33,"column":75},"end":{"line":33,"column":102}}]},"4":{"loc":{"start":{"line":33,"column":36},"end":{"line":33,"column":75}},"type":"binary-expr","locations":[{"start":{"line":33,"column":36},"end":{"line":33,"column":75}},{"start":{"line":33,"column":71},"end":{"line":33,"column":75}}]},"5":{"loc":{"start":{"line":33,"column":36},"end":{"line":33,"column":71}},"type":"cond-expr","locations":[{"start":{"line":33,"column":58},"end":{"line":33,"column":60}},{"start":{"line":33,"column":58},"end":{"line":33,"column":71}}]},"6":{"loc":{"start":{"line":33,"column":36},"end":{"line":33,"column":60}},"type":"binary-expr","locations":[{"start":{"line":33,"column":36},"end":{"line":33,"column":60}},{"start":{"line":33,"column":58},"end":{"line":33,"column":60}}]}},"s":{"0":1,"1":1,"2":1,"3":1,"4":1,"5":1,"6":1,"7":1,"8":1,"9":1,"10":1,"11":1,"12":1},"f":{"0":1,"1":1,"2":1},"b":{"0":[0,1],"1":[0,1],"2":[1,1],"3":[1,0],"4":[1,1],"5":[0,1],"6":[1,1]}}
,"/Users/macm14/Documents/NXZWAW/nxzwav-294793-react-native/src/packages/blocks/chat/src/components/MessageView.tsx": {"path":"/Users/macm14/Documents/NXZWAW/nxzwav-294793-react-native/src/packages/blocks/chat/src/components/MessageView.tsx","statementMap":{"0":{"start":{"line":1,"column":0},"end":{"line":1,"column":53}},"1":{"start":{"line":2,"column":0},"end":{"line":2,"column":40}},"2":{"start":{"line":3,"column":0},"end":{"line":3,"column":69}},"3":{"start":{"line":4,"column":0},"end":{"line":4,"column":47}},"4":{"start":{"line":6,"column":0},"end":{"line":6,"column":77}},"5":{"start":{"line":7,"column":0},"end":{"line":7,"column":75}},"6":{"start":{"line":14,"column":8},"end":{"line":14,"column":null}},"7":{"start":{"line":16,"column":4},"end":{"line":16,"column":48}},"8":{"start":{"line":18,"column":8},"end":{"line":47,"column":null}},"9":{"start":{"line":12,"column":0},"end":{"line":12,"column":13}},"10":{"start":{"line":51,"column":15},"end":{"line":125,"column":2}},"11":{"start":{"line":126,"column":0},"end":{"line":126,"column":null}}},"fnMap":{"0":{"name":"(anonymous_7)","decl":{"start":{"line":13,"column":4},"end":{"line":13,"column":16}},"loc":{"start":{"line":13,"column":28},"end":{"line":15,"column":5}}},"1":{"name":"(anonymous_8)","decl":{"start":{"line":17,"column":4},"end":{"line":17,"column":10}},"loc":{"start":{"line":17,"column":10},"end":{"line":48,"column":5}}}},"branchMap":{"0":{"loc":{"start":{"line":20,"column":27},"end":{"line":20,"column":84}},"type":"cond-expr","locations":[{"start":{"line":20,"column":59},"end":{"line":20,"column":69}},{"start":{"line":20,"column":72},"end":{"line":20,"column":84}}]},"1":{"loc":{"start":{"line":21,"column":29},"end":{"line":21,"column":67}},"type":"cond-expr","locations":[{"start":{"line":21,"column":61},"end":{"line":21,"column":63}},{"start":{"line":21,"column":66},"end":{"line":21,"column":67}}]},"2":{"loc":{"start":{"line":22,"column":33},"end":{"line":22,"column":102}},"type":"cond-expr","locations":[{"start":{"line":22,"column":65},"end":{"line":22,"column":76}},{"start":{"line":22,"column":79},"end":{"line":22,"column":102}}]},"3":{"loc":{"start":{"line":24,"column":17},"end":{"line":26,"column":null}},"type":"binary-expr","locations":[{"start":{"line":24,"column":18},"end":{"line":24,"column":45}},{"start":{"line":25,"column":20},"end":{"line":26,"column":null}}]},"4":{"loc":{"start":{"line":25,"column":44},"end":{"line":25,"column":95}},"type":"cond-expr","locations":[{"start":{"line":25,"column":64},"end":{"line":25,"column":68}},{"start":{"line":25,"column":68},"end":{"line":25,"column":95}}]},"5":{"loc":{"start":{"line":25,"column":44},"end":{"line":25,"column":68}},"type":"binary-expr","locations":[{"start":{"line":25,"column":44},"end":{"line":25,"column":68}},{"start":{"line":25,"column":64},"end":{"line":25,"column":68}}]},"6":{"loc":{"start":{"line":30,"column":21},"end":{"line":32,"column":null}},"type":"binary-expr","locations":[{"start":{"line":30,"column":21},"end":{"line":30,"column":41}},{"start":{"line":30,"column":45},"end":{"line":32,"column":null}}]},"7":{"loc":{"start":{"line":31,"column":50},"end":{"line":31,"column":160}},"type":"cond-expr","locations":[{"start":{"line":31,"column":95},"end":{"line":31,"column":130}},{"start":{"line":31,"column":133},"end":{"line":31,"column":160}}]},"8":{"loc":{"start":{"line":31,"column":50},"end":{"line":31,"column":84}},"type":"cond-expr","locations":[{"start":{"line":31,"column":71},"end":{"line":31,"column":73}},{"start":{"line":31,"column":71},"end":{"line":31,"column":84}}]},"9":{"loc":{"start":{"line":31,"column":50},"end":{"line":31,"column":73}},"type":"binary-expr","locations":[{"start":{"line":31,"column":50},"end":{"line":31,"column":73}},{"start":{"line":31,"column":71},"end":{"line":31,"column":73}}]},"10":{"loc":{"start":{"line":31,"column":50},"end":{"line":31,"column":71}},"type":"cond-expr","locations":[{"start":{"line":31,"column":62},"end":{"line":31,"column":64}},{"start":{"line":31,"column":62},"end":{"line":31,"column":71}}]},"11":{"loc":{"start":{"line":31,"column":50},"end":{"line":31,"column":64}},"type":"binary-expr","locations":[{"start":{"line":31,"column":50},"end":{"line":31,"column":64}},{"start":{"line":31,"column":62},"end":{"line":31,"column":64}}]},"12":{"loc":{"start":{"line":31,"column":95},"end":{"line":31,"column":130}},"type":"cond-expr","locations":[{"start":{"line":31,"column":117},"end":{"line":31,"column":119}},{"start":{"line":31,"column":117},"end":{"line":31,"column":130}}]},"13":{"loc":{"start":{"line":31,"column":95},"end":{"line":31,"column":119}},"type":"binary-expr","locations":[{"start":{"line":31,"column":95},"end":{"line":31,"column":119}},{"start":{"line":31,"column":117},"end":{"line":31,"column":119}}]},"14":{"loc":{"start":{"line":31,"column":95},"end":{"line":31,"column":117}},"type":"cond-expr","locations":[{"start":{"line":31,"column":108},"end":{"line":31,"column":110}},{"start":{"line":31,"column":108},"end":{"line":31,"column":117}}]},"15":{"loc":{"start":{"line":31,"column":95},"end":{"line":31,"column":110}},"type":"binary-expr","locations":[{"start":{"line":31,"column":95},"end":{"line":31,"column":110}},{"start":{"line":31,"column":108},"end":{"line":31,"column":110}}]},"16":{"loc":{"start":{"line":37,"column":60},"end":{"line":37,"column":95}},"type":"cond-expr","locations":[{"start":{"line":37,"column":84},"end":{"line":37,"column":86}},{"start":{"line":37,"column":84},"end":{"line":37,"column":95}}]},"17":{"loc":{"start":{"line":37,"column":60},"end":{"line":37,"column":86}},"type":"binary-expr","locations":[{"start":{"line":37,"column":60},"end":{"line":37,"column":86}},{"start":{"line":37,"column":84},"end":{"line":37,"column":86}}]},"18":{"loc":{"start":{"line":37,"column":60},"end":{"line":37,"column":84}},"type":"cond-expr","locations":[{"start":{"line":37,"column":75},"end":{"line":37,"column":77}},{"start":{"line":37,"column":75},"end":{"line":37,"column":84}}]},"19":{"loc":{"start":{"line":37,"column":60},"end":{"line":37,"column":77}},"type":"binary-expr","locations":[{"start":{"line":37,"column":60},"end":{"line":37,"column":77}},{"start":{"line":37,"column":75},"end":{"line":37,"column":77}}]}},"s":{"0":1,"1":1,"2":1,"3":1,"4":1,"5":1,"6":1,"7":1,"8":1,"9":1,"10":1,"11":1},"f":{"0":1,"1":1},"b":{"0":[0,1],"1":[0,1],"2":[0,1],"3":[1,1],"4":[1,0],"5":[1,1],"6":[1,1],"7":[1,0],"8":[0,1],"9":[1,1],"10":[0,1],"11":[1,1],"12":[0,1],"13":[1,1],"14":[0,1],"15":[1,1],"16":[0,1],"17":[1,1],"18":[0,1],"19":[1,1]}}
}
