TN:
SF:assets/add.png
FNF:0
FNH:0
DA:1,4
LF:1
LH:1
BRF:0
BRH:0
end_of_record
TN:
SF:assets/edit.png
FNF:0
FNH:0
DA:1,4
LF:1
LH:1
BRF:0
BRH:0
end_of_record
TN:
SF:assets/ic_arrow_right_round.png
FNF:0
FNH:0
DA:1,4
LF:1
LH:1
BRF:0
BRH:0
end_of_record
TN:
SF:assets/ic_delete.png
FNF:0
FNH:0
DA:1,4
LF:1
LH:1
BRF:0
BRH:0
end_of_record
TN:
SF:assets/ic_dm_message_icon.png
FNF:0
FNH:0
DA:1,4
LF:1
LH:1
BRF:0
BRH:0
end_of_record
TN:
SF:assets/ic_message.png
FNF:0
FNH:0
DA:1,4
LF:1
LH:1
BRF:0
BRH:0
end_of_record
TN:
SF:assets/ic_new_chat.png
FNF:0
FNH:0
DA:1,4
LF:1
LH:1
BRF:0
BRH:0
end_of_record
TN:
SF:assets/ic_radiobutton_default.png
FNF:0
FNH:0
DA:1,4
LF:1
LH:1
BRF:0
BRH:0
end_of_record
TN:
SF:assets/ic_radiobutton_select.png
FNF:0
FNH:0
DA:1,4
LF:1
LH:1
BRF:0
BRH:0
end_of_record
TN:
SF:assets/ic_search_black.png
FNF:0
FNH:0
DA:1,4
LF:1
LH:1
BRF:0
BRH:0
end_of_record
TN:
SF:assets/insert_photo.png
FNF:0
FNH:0
DA:1,4
LF:1
LH:1
BRF:0
BRH:0
end_of_record
TN:
SF:assets/lock.png
FNF:0
FNH:0
DA:1,4
LF:1
LH:1
BRF:0
BRH:0
end_of_record
TN:
SF:assets/red-dollar.png
FNF:0
FNH:0
DA:1,4
LF:1
LH:1
BRF:0
BRH:0
end_of_record
TN:
SF:src/Chat.tsx
FN:27,(anonymous_7)
FN:34,(anonymous_8)
FN:45,(anonymous_9)
FN:85,(anonymous_10)
FN:91,(anonymous_11)
FN:104,(anonymous_12)
FN:121,(anonymous_13)
FN:129,(anonymous_14)
FN:213,(anonymous_15)
FN:214,(anonymous_16)
FN:219,(anonymous_17)
FN:226,(anonymous_18)
FN:227,(anonymous_19)
FNF:13
FNH:0
FNDA:0,(anonymous_7)
FNDA:0,(anonymous_8)
FNDA:0,(anonymous_9)
FNDA:0,(anonymous_10)
FNDA:0,(anonymous_11)
FNDA:0,(anonymous_12)
FNDA:0,(anonymous_13)
FNDA:0,(anonymous_14)
FNDA:0,(anonymous_15)
FNDA:0,(anonymous_16)
FNDA:0,(anonymous_17)
FNDA:0,(anonymous_18)
FNDA:0,(anonymous_19)
DA:1,0
DA:4,0
DA:14,0
DA:15,0
DA:16,0
DA:17,0
DA:18,0
DA:19,0
DA:20,0
DA:24,0
DA:26,0
DA:28,0
DA:34,0
DA:35,0
DA:36,0
DA:37,0
DA:38,0
DA:39,0
DA:40,0
DA:41,0
DA:85,0
DA:86,0
DA:92,0
DA:105,0
DA:125,0
DA:130,0
DA:213,0
DA:215,0
DA:220,0
DA:227,0
DA:228,0
DA:242,0
LF:32
LH:0
BRDA:35,0,0,0
BRDA:35,0,1,0
BRDA:35,1,0,0
BRDA:35,1,1,0
BRDA:36,2,0,0
BRDA:36,2,1,0
BRDA:36,3,0,0
BRDA:36,3,1,0
BRDA:37,4,0,0
BRDA:37,4,1,0
BRDA:37,5,0,0
BRDA:37,5,1,0
BRDA:38,6,0,0
BRDA:38,6,1,0
BRDA:38,7,0,0
BRDA:38,7,1,0
BRDA:39,8,0,0
BRDA:39,8,1,0
BRDA:39,9,0,0
BRDA:39,9,1,0
BRDA:53,10,0,0
BRDA:53,10,1,0
BRDA:78,11,0,0
BRDA:78,11,1,0
BRDA:157,12,0,0
BRDA:157,12,1,0
BRDA:169,13,0,0
BRDA:169,13,1,0
BRDA:205,14,0,0
BRDA:205,14,1,0
BRF:30
BRH:0
end_of_record
TN:
SF:src/Chat.web.tsx
FN:29,(anonymous_7)
FN:36,(anonymous_8)
FN:64,(anonymous_9)
FN:73,(anonymous_10)
FN:104,(anonymous_11)
FN:114,(anonymous_12)
FNF:6
FNH:0
FNDA:0,(anonymous_7)
FNDA:0,(anonymous_8)
FNDA:0,(anonymous_9)
FNDA:0,(anonymous_10)
FNDA:0,(anonymous_11)
FNDA:0,(anonymous_12)
DA:1,0
DA:4,0
DA:12,0
DA:16,0
DA:26,0
DA:28,0
DA:30,0
DA:36,0
DA:37,0
DA:64,0
DA:73,0
DA:74,0
DA:75,0
DA:106,0
DA:115,0
DA:131,0
LF:16
LH:0
BRF:0
BRH:0
end_of_record
TN:
SF:src/ChatController.tsx
FN:86,(anonymous_13)
FN:123,(anonymous_14)
FN:123,(anonymous_15)
FN:195,(anonymous_16)
FN:199,(anonymous_17)
FN:203,(anonymous_18)
FN:220,(anonymous_19)
FN:224,(anonymous_20)
FN:242,(anonymous_21)
FN:247,(anonymous_22)
FN:253,(anonymous_23)
FN:270,(anonymous_24)
FN:278,(anonymous_25)
FN:409,(anonymous_26)
FN:118,(anonymous_27)
FN:150,(anonymous_30)
FN:173,(anonymous_32)
FN:228,(anonymous_33)
FN:236,(anonymous_34)
FN:284,(anonymous_35)
FN:330,(anonymous_37)
FN:368,(anonymous_39)
FN:373,(anonymous_40)
FN:393,(anonymous_41)
FN:396,(anonymous_42)
FN:402,(anonymous_43)
FNF:26
FNH:0
FNDA:0,(anonymous_13)
FNDA:0,(anonymous_14)
FNDA:0,(anonymous_15)
FNDA:0,(anonymous_16)
FNDA:0,(anonymous_17)
FNDA:0,(anonymous_18)
FNDA:0,(anonymous_19)
FNDA:0,(anonymous_20)
FNDA:0,(anonymous_21)
FNDA:0,(anonymous_22)
FNDA:0,(anonymous_23)
FNDA:0,(anonymous_24)
FNDA:0,(anonymous_25)
FNDA:0,(anonymous_26)
FNDA:0,(anonymous_27)
FNDA:0,(anonymous_30)
FNDA:0,(anonymous_32)
FNDA:0,(anonymous_33)
FNDA:0,(anonymous_34)
FNDA:0,(anonymous_35)
FNDA:0,(anonymous_37)
FNDA:0,(anonymous_39)
FNDA:0,(anonymous_40)
FNDA:0,(anonymous_41)
FNDA:0,(anonymous_42)
FNDA:0,(anonymous_43)
DA:2,1
DA:3,1
DA:4,1
DA:7,1
DA:10,1
DA:11,1
DA:12,1
DA:13,1
DA:16,1
DA:78,1
DA:80,0
DA:81,0
DA:82,0
DA:83,0
DA:87,0
DA:88,0
DA:90,0
DA:98,0
DA:111,0
DA:119,0
DA:120,0
DA:123,0
DA:124,0
DA:128,0
DA:132,0
DA:134,0
DA:138,0
DA:142,0
DA:147,0
DA:151,0
DA:152,0
DA:153,0
DA:156,0
DA:159,0
DA:161,0
DA:165,0
DA:167,0
DA:175,0
DA:178,0
DA:181,0
DA:182,0
DA:184,0
DA:185,0
DA:190,0
DA:191,0
DA:195,0
DA:196,0
DA:199,0
DA:200,0
DA:203,0
DA:204,0
DA:205,0
DA:207,0
DA:209,0
DA:212,0
DA:215,0
DA:217,0
DA:220,0
DA:221,0
DA:224,0
DA:225,0
DA:229,0
DA:237,0
DA:242,0
DA:243,0
DA:244,0
DA:247,0
DA:248,0
DA:249,0
DA:252,0
DA:254,0
DA:255,0
DA:260,0
DA:266,0
DA:270,0
DA:271,0
DA:273,0
DA:279,0
DA:285,0
DA:286,0
DA:287,0
DA:290,0
DA:292,0
DA:294,0
DA:298,0
DA:303,0
DA:308,0
DA:309,0
DA:310,0
DA:311,0
DA:312,0
DA:314,0
DA:315,0
DA:318,0
DA:319,0
DA:322,0
DA:326,0
DA:327,0
DA:331,0
DA:334,0
DA:336,0
DA:338,0
DA:342,0
DA:346,0
DA:350,0
DA:351,0
DA:352,0
DA:353,0
DA:354,0
DA:356,0
DA:360,0
DA:364,0
DA:365,0
DA:369,0
DA:370,0
DA:374,0
DA:375,0
DA:376,0
DA:377,0
DA:394,0
DA:395,0
DA:397,0
DA:398,0
DA:403,0
DA:409,0
DA:416,0
DA:424,0
LF:127
LH:10
BRDA:266,0,0,0
BRDA:266,0,1,0
BRDA:424,1,0,0
BRDA:424,1,1,0
BRDA:151,2,0,0
BRDA:151,2,1,0
BRDA:153,3,0,0
BRDA:159,4,0,0
BRDA:165,5,0,0
BRDA:165,6,0,0
BRDA:165,6,1,0
BRDA:181,7,0,0
BRDA:182,8,0,0
BRDA:182,9,0,0
BRDA:182,9,1,0
BRDA:182,10,0,0
BRDA:182,10,1,0
BRDA:184,11,0,0
BRDA:184,11,1,0
BRDA:186,12,0,0
BRDA:186,12,1,0
BRDA:187,13,0,0
BRDA:187,13,1,0
BRDA:190,14,0,0
BRDA:285,15,0,0
BRDA:285,15,1,0
BRDA:285,16,0,0
BRDA:285,16,1,0
BRDA:310,17,0,0
BRDA:314,18,0,0
BRDA:314,18,1,0
BRDA:318,19,0,0
BRDA:351,20,0,0
BRDA:351,20,1,0
BRDA:353,21,0,0
BRDA:376,22,0,0
BRDA:376,22,1,0
BRDA:385,23,0,0
BRDA:385,23,1,0
BRDA:385,24,0,0
BRDA:385,24,1,0
BRDA:386,25,0,0
BRDA:386,25,1,0
BRDA:386,26,0,0
BRDA:386,26,1,0
BRF:45
BRH:0
end_of_record
TN:
SF:src/ChatNew.tsx
FN:25,(anonymous_7)
FN:32,(anonymous_8)
FN:39,(anonymous_9)
FN:75,(anonymous_10)
FN:82,(anonymous_11)
FN:154,(anonymous_12)
FNF:6
FNH:6
FNDA:1,(anonymous_7)
FNDA:1,(anonymous_8)
FNDA:1,(anonymous_9)
FNDA:7,(anonymous_10)
FNDA:1,(anonymous_11)
FNDA:1,(anonymous_12)
DA:1,1
DA:4,1
DA:15,1
DA:16,1
DA:17,1
DA:18,1
DA:19,1
DA:22,1
DA:24,1
DA:26,1
DA:32,1
DA:33,1
DA:34,1
DA:35,1
DA:40,1
DA:78,7
DA:83,1
DA:154,1
DA:166,1
LF:19
LH:19
BRDA:33,0,0,0
BRDA:33,0,1,1
BRDA:33,1,0,1
BRDA:33,1,1,0
BRDA:34,2,0,1
BRDA:34,2,1,0
BRDA:34,3,0,1
BRDA:34,3,1,1
BRDA:48,4,0,0
BRDA:48,4,1,1
BRDA:62,5,0,0
BRDA:62,5,1,1
BRDA:121,6,0,1
BRDA:121,6,1,6
BRDA:146,7,0,7
BRDA:146,7,1,0
BRF:16
BRH:10
end_of_record
TN:
SF:src/ChatNewController.tsx
FN:68,(anonymous_13)
FN:131,(anonymous_14)
FN:135,(anonymous_15)
FN:140,(anonymous_16)
FN:147,(anonymous_17)
FN:154,(anonymous_18)
FN:197,(anonymous_19)
FN:197,(anonymous_20)
FN:212,(anonymous_21)
FN:95,(anonymous_22)
FN:100,(anonymous_25)
FN:114,(anonymous_27)
FN:161,(anonymous_28)
FN:193,(anonymous_30)
FNF:14
FNH:13
FNDA:1,(anonymous_13)
FNDA:1,(anonymous_14)
FNDA:1,(anonymous_15)
FNDA:1,(anonymous_16)
FNDA:1,(anonymous_17)
FNDA:1,(anonymous_18)
FNDA:1,(anonymous_19)
FNDA:1,(anonymous_20)
FNDA:0,(anonymous_21)
FNDA:1,(anonymous_22)
FNDA:1,(anonymous_25)
FNDA:1,(anonymous_27)
FNDA:1,(anonymous_28)
FNDA:1,(anonymous_30)
DA:2,1
DA:3,1
DA:4,1
DA:7,1
DA:10,1
DA:11,1
DA:12,1
DA:15,1
DA:62,1
DA:64,1
DA:65,1
DA:69,1
DA:70,1
DA:72,1
DA:78,1
DA:88,1
DA:96,1
DA:101,1
DA:103,1
DA:107,1
DA:108,1
DA:116,1
DA:119,1
DA:122,1
DA:123,1
DA:125,1
DA:131,1
DA:132,1
DA:135,1
DA:136,1
DA:139,1
DA:141,1
DA:142,1
DA:147,1
DA:148,1
DA:149,1
DA:155,1
DA:156,1
DA:162,1
DA:165,1
DA:167,1
DA:168,1
DA:172,1
DA:177,1
DA:183,1
DA:185,1
DA:189,1
DA:190,1
DA:194,1
DA:197,1
DA:198,1
DA:206,1
DA:207,1
DA:212,1
DA:219,0
DA:226,0
LF:56
LH:54
BRDA:155,0,0,1
BRDA:155,0,1,0
BRDA:155,1,0,1
BRDA:155,1,1,1
BRDA:199,2,0,1
BRDA:199,2,1,0
BRDA:199,3,0,1
BRDA:199,3,1,1
BRDA:199,4,0,0
BRDA:199,4,1,1
BRDA:199,5,0,1
BRDA:199,5,1,1
BRDA:200,6,0,1
BRDA:200,6,1,0
BRDA:200,7,0,1
BRDA:200,7,1,1
BRDA:200,8,0,0
BRDA:200,8,1,1
BRDA:200,9,0,1
BRDA:200,9,1,1
BRDA:201,10,0,1
BRDA:201,10,1,0
BRDA:201,11,0,1
BRDA:201,11,1,1
BRDA:201,12,0,0
BRDA:201,12,1,1
BRDA:201,13,0,1
BRDA:201,13,1,1
BRDA:202,14,0,0
BRDA:202,14,1,1
BRDA:202,15,0,1
BRDA:202,15,1,0
BRDA:202,16,0,0
BRDA:202,16,1,1
BRDA:202,17,0,1
BRDA:202,17,1,1
BRDA:203,18,0,1
BRDA:203,18,1,0
BRDA:203,19,0,1
BRDA:203,19,1,1
BRDA:203,20,0,0
BRDA:203,20,1,1
BRDA:203,21,0,1
BRDA:203,21,1,1
BRDA:207,22,0,0
BRDA:207,22,1,1
BRDA:101,23,0,1
BRDA:107,24,0,1
BRDA:122,25,0,0
BRDA:123,26,0,0
BRDA:123,27,0,0
BRDA:123,27,1,1
BRDA:123,28,0,1
BRDA:123,28,1,1
BRDA:127,29,0,0
BRDA:127,29,1,1
BRF:56
BRH:39
end_of_record
TN:
SF:src/ChatView.tsx
FN:32,(anonymous_7)
FN:39,(anonymous_8)
FN:82,(anonymous_9)
FN:98,(anonymous_10)
FN:165,(anonymous_11)
FN:175,(anonymous_12)
FNF:6
FNH:5
FNDA:1,(anonymous_7)
FNDA:3,(anonymous_8)
FNDA:2,(anonymous_9)
FNDA:10,(anonymous_10)
FNDA:0,(anonymous_11)
FNDA:2,(anonymous_12)
DA:1,1
DA:4,1
DA:16,1
DA:17,1
DA:18,1
DA:19,1
DA:20,1
DA:21,1
DA:24,1
DA:31,1
DA:33,1
DA:39,1
DA:40,3
DA:41,3
DA:42,3
DA:43,3
DA:44,3
DA:82,1
DA:83,2
DA:84,2
DA:102,10
DA:103,10
DA:104,10
DA:105,10
DA:106,10
DA:166,0
DA:175,2
DA:215,1
LF:28
LH:27
BRDA:51,0,0,0
BRDA:51,0,1,3
BRDA:59,1,0,2
BRDA:59,1,1,1
BRDA:59,2,0,3
BRDA:59,2,1,3
BRDA:64,3,0,2
BRDA:64,3,1,1
BRDA:64,4,0,3
BRDA:64,4,1,3
BRDA:68,5,0,2
BRDA:68,5,1,1
BRDA:68,6,0,3
BRDA:68,6,1,3
BRDA:105,7,0,0
BRDA:105,7,1,10
BRDA:132,8,0,0
BRDA:132,8,1,10
BRDA:149,9,0,8
BRDA:149,9,1,2
BRDA:149,10,0,10
BRDA:149,10,1,10
BRDA:154,11,0,8
BRDA:154,11,1,2
BRDA:154,12,0,10
BRDA:154,12,1,10
BRDA:161,13,0,3
BRDA:161,13,1,7
BRDA:198,14,0,0
BRDA:198,14,1,10
BRDA:198,15,0,10
BRDA:198,15,1,10
BRF:32
BRH:28
end_of_record
TN:
SF:src/ChatView.web.tsx
FN:35,(anonymous_1)
FN:42,(anonymous_2)
FN:53,(anonymous_3)
FN:62,(anonymous_4)
FN:74,(anonymous_5)
FN:83,(anonymous_6)
FN:96,(anonymous_7)
FN:107,(anonymous_8)
FN:127,(anonymous_9)
FN:135,(anonymous_10)
FN:157,(anonymous_11)
FN:173,(anonymous_12)
FN:181,(anonymous_13)
FN:205,(anonymous_14)
FNF:14
FNH:14
FNDA:1,(anonymous_1)
FNDA:14,(anonymous_2)
FNDA:2,(anonymous_3)
FNDA:1,(anonymous_4)
FNDA:1,(anonymous_5)
FNDA:14,(anonymous_6)
FNDA:1,(anonymous_7)
FNDA:1,(anonymous_8)
FNDA:14,(anonymous_9)
FNDA:6,(anonymous_10)
FNDA:14,(anonymous_11)
FNDA:1,(anonymous_12)
FNDA:1,(anonymous_13)
FNDA:1,(anonymous_14)
DA:1,1
DA:4,1
DA:13,1
DA:14,1
DA:15,1
DA:16,1
DA:18,1
DA:28,1
DA:29,1
DA:34,1
DA:36,1
DA:42,1
DA:43,14
DA:54,2
DA:63,1
DA:74,1
DA:83,14
DA:96,1
DA:108,1
DA:127,1
DA:128,14
DA:129,14
DA:130,14
DA:135,6
DA:159,14
DA:160,14
DA:173,1
DA:181,1
DA:206,1
DA:245,1
LF:30
LH:30
BRDA:54,0,0,0
BRDA:54,0,1,2
BRDA:54,1,0,2
BRDA:54,1,1,2
BRDA:54,2,0,2
BRDA:54,2,1,0
BRDA:54,3,0,2
BRDA:54,3,1,2
BRDA:54,4,0,0
BRDA:54,4,1,2
BRDA:54,5,0,2
BRDA:54,5,1,2
BRDA:108,6,0,0
BRDA:108,6,1,1
BRDA:108,7,0,1
BRDA:108,7,1,1
BRDA:108,8,0,1
BRDA:108,8,1,0
BRDA:108,9,0,1
BRDA:108,9,1,1
BRDA:108,10,0,0
BRDA:108,10,1,1
BRDA:108,11,0,1
BRDA:108,11,1,1
BRDA:116,12,0,0
BRDA:116,12,1,14
BRDA:116,13,0,14
BRDA:116,13,1,14
BRDA:129,14,0,6
BRDA:129,14,1,8
BRDA:129,15,0,14
BRDA:129,15,1,14
BRDA:129,16,0,8
BRDA:129,16,1,6
BRDA:129,17,0,14
BRDA:129,17,1,14
BRDA:129,18,0,8
BRDA:129,18,1,6
BRDA:129,19,0,14
BRDA:129,19,1,6
BRDA:132,20,0,0
BRDA:132,20,1,14
BRDA:132,21,0,14
BRDA:132,21,1,14
BRDA:140,22,0,6
BRDA:140,22,1,0
BRDA:146,23,0,0
BRDA:146,23,1,6
BRDA:146,24,0,6
BRDA:146,24,1,6
BRDA:147,25,0,0
BRDA:147,25,1,6
BRDA:147,26,0,6
BRDA:147,26,1,6
BRDA:164,27,0,8
BRDA:164,27,1,6
BRDA:164,28,0,14
BRDA:164,28,1,6
BRDA:167,29,0,6
BRDA:167,29,1,8
BRDA:167,30,0,14
BRDA:167,30,1,14
BRDA:167,31,0,8
BRDA:167,31,1,6
BRDA:167,32,0,14
BRDA:167,32,1,14
BRDA:167,33,0,8
BRDA:167,33,1,6
BRDA:167,34,0,14
BRDA:167,34,1,14
BRDA:167,35,0,8
BRDA:167,35,1,6
BRDA:167,36,0,14
BRDA:167,36,1,14
BRDA:167,37,0,8
BRDA:167,37,1,6
BRDA:167,38,0,14
BRDA:167,38,1,6
BRDA:189,39,0,0
BRDA:189,39,1,14
BRDA:206,40,0,0
BRDA:206,40,1,1
BRDA:206,41,0,1
BRDA:206,41,1,1
BRDA:206,42,0,1
BRDA:206,42,1,0
BRDA:206,43,0,1
BRDA:206,43,1,1
BRDA:206,44,0,0
BRDA:206,44,1,1
BRDA:206,45,0,1
BRDA:206,45,1,1
BRDA:228,46,0,0
BRDA:228,46,1,14
BRDA:228,47,0,14
BRDA:228,47,1,14
BRF:96
BRH:80
end_of_record
TN:
SF:src/ChatViewController.tsx
FN:124,(anonymous_14)
FN:206,(anonymous_15)
FN:210,(anonymous_16)
FN:214,(anonymous_17)
FN:218,(anonymous_18)
FN:222,(anonymous_19)
FN:226,(anonymous_20)
FN:230,(anonymous_21)
FN:234,(anonymous_22)
FN:245,(anonymous_23)
FN:248,(anonymous_24)
FN:255,(anonymous_25)
FN:258,(anonymous_26)
FN:261,(anonymous_27)
FN:261,(anonymous_28)
FN:299,(anonymous_29)
FN:309,(anonymous_30)
FN:315,(anonymous_31)
FN:397,(anonymous_32)
FN:169,(anonymous_33)
FN:180,(anonymous_34)
FN:183,(anonymous_35)
FN:190,(anonymous_36)
FN:202,(anonymous_39)
FN:321,(anonymous_41)
FN:348,(anonymous_43)
FN:371,(anonymous_44)
FN:401,(anonymous_45)
FN:434,(anonymous_47)
FN:473,(anonymous_49)
FNF:30
FNH:29
FNDA:2,(anonymous_14)
FNDA:2,(anonymous_15)
FNDA:1,(anonymous_16)
FNDA:1,(anonymous_17)
FNDA:1,(anonymous_18)
FNDA:2,(anonymous_19)
FNDA:3,(anonymous_20)
FNDA:2,(anonymous_21)
FNDA:0,(anonymous_22)
FNDA:2,(anonymous_23)
FNDA:1,(anonymous_24)
FNDA:3,(anonymous_25)
FNDA:1,(anonymous_26)
FNDA:1,(anonymous_27)
FNDA:1,(anonymous_28)
FNDA:2,(anonymous_29)
FNDA:1,(anonymous_30)
FNDA:1,(anonymous_31)
FNDA:1,(anonymous_32)
FNDA:3,(anonymous_33)
FNDA:3,(anonymous_34)
FNDA:2,(anonymous_35)
FNDA:2,(anonymous_36)
FNDA:1,(anonymous_39)
FNDA:11,(anonymous_41)
FNDA:7,(anonymous_43)
FNDA:1,(anonymous_44)
FNDA:10,(anonymous_45)
FNDA:4,(anonymous_47)
FNDA:1,(anonymous_49)
DA:2,2
DA:3,2
DA:4,2
DA:7,2
DA:10,2
DA:15,2
DA:16,2
DA:17,2
DA:20,2
DA:105,2
DA:107,2
DA:108,2
DA:109,2
DA:110,2
DA:112,2
DA:116,2
DA:117,2
DA:118,2
DA:119,2
DA:120,2
DA:125,2
DA:126,2
DA:128,2
DA:136,2
DA:160,2
DA:162,2
DA:163,2
DA:164,2
DA:170,3
DA:172,3
DA:181,3
DA:182,3
DA:183,2
DA:191,2
DA:192,2
DA:194,2
DA:195,2
DA:196,2
DA:197,2
DA:198,2
DA:199,2
DA:203,1
DA:206,2
DA:207,2
DA:210,2
DA:211,1
DA:214,2
DA:215,1
DA:218,2
DA:219,1
DA:222,2
DA:223,2
DA:226,2
DA:227,3
DA:230,2
DA:231,2
DA:232,1
DA:233,1
DA:234,1
DA:235,0
DA:237,1
DA:238,1
DA:241,1
DA:245,2
DA:248,2
DA:249,1
DA:250,1
DA:251,0
DA:255,2
DA:258,2
DA:261,2
DA:262,1
DA:265,1
DA:267,1
DA:269,1
DA:273,1
DA:278,1
DA:284,1
DA:286,1
DA:291,1
DA:292,1
DA:296,1
DA:299,2
DA:300,2
DA:301,2
DA:302,1
DA:304,1
DA:308,2
DA:310,1
DA:314,2
DA:316,1
DA:317,1
DA:322,11
DA:323,9
DA:327,9
DA:333,7
DA:336,2
DA:337,2
DA:340,2
DA:341,2
DA:344,2
DA:349,7
DA:352,7
DA:355,7
DA:356,7
DA:358,7
DA:359,6
DA:362,5
DA:364,1
DA:367,1
DA:372,1
DA:374,1
DA:375,1
DA:380,0
DA:383,0
DA:385,0
DA:389,0
DA:391,0
DA:392,0
DA:397,2
DA:398,1
DA:402,10
DA:405,10
DA:407,10
DA:411,10
DA:416,10
DA:421,10
DA:427,10
DA:431,10
DA:435,4
DA:438,4
DA:440,4
DA:442,4
DA:446,4
DA:451,4
DA:456,4
DA:457,4
DA:458,1
DA:460,3
DA:462,4
DA:466,4
DA:470,4
DA:474,1
DA:475,1
DA:479,1
LF:145
LH:137
BRDA:207,0,0,2
BRDA:207,0,1,1
BRDA:231,1,0,1
BRDA:231,1,1,1
BRDA:231,2,0,2
BRDA:231,2,1,1
BRDA:235,3,0,0
BRDA:235,3,1,0
BRDA:235,4,0,0
BRDA:235,4,1,0
BRDA:250,5,0,0
BRDA:301,6,0,1
BRDA:301,6,1,1
BRDA:322,7,0,9
BRDA:322,7,1,2
BRDA:327,8,0,7
BRDA:327,9,0,9
BRDA:327,9,1,4
BRDA:327,9,2,3
BRDA:327,9,3,3
BRDA:327,9,4,3
BRDA:336,10,0,2
BRDA:355,11,0,0
BRDA:356,12,0,0
BRDA:356,13,0,1
BRDA:356,13,1,6
BRDA:356,14,0,7
BRDA:356,14,1,7
BRDA:358,15,0,6
BRDA:359,16,0,5
BRDA:359,16,1,1
BRDA:364,17,0,1
BRDA:364,17,1,0
BRDA:365,18,0,1
BRDA:365,18,1,1
BRDA:372,19,0,1
BRDA:372,20,0,1
BRDA:372,20,1,1
BRDA:380,21,0,0
BRDA:380,21,1,0
BRDA:385,22,0,0
BRDA:385,22,1,0
BRDA:391,23,0,0
BRDA:457,24,0,1
BRDA:457,24,1,3
BRF:45
BRH:32
end_of_record
TN:
SF:src/PMCompose.tsx
FN:24,(anonymous_7)
FN:33,(anonymous_8)
FN:41,(anonymous_9)
FN:53,(anonymous_10)
FN:62,(anonymous_11)
FN:78,(anonymous_12)
FN:85,(anonymous_13)
FN:97,(anonymous_14)
FN:109,(anonymous_15)
FN:123,(anonymous_16)
FN:128,(anonymous_17)
FNF:11
FNH:10
FNDA:1,(anonymous_7)
FNDA:9,(anonymous_8)
FNDA:1,(anonymous_9)
FNDA:1,(anonymous_10)
FNDA:0,(anonymous_11)
FNDA:1,(anonymous_12)
FNDA:1,(anonymous_13)
FNDA:1,(anonymous_14)
FNDA:1,(anonymous_15)
FNDA:1,(anonymous_16)
FNDA:1,(anonymous_17)
DA:1,1
DA:4,1
DA:16,1
DA:17,1
DA:18,1
DA:21,1
DA:23,1
DA:25,1
DA:36,9
DA:42,1
DA:53,1
DA:62,0
DA:78,1
DA:85,1
DA:97,1
DA:109,1
DA:123,1
DA:128,1
DA:148,1
LF:19
LH:18
BRDA:48,0,0,9
BRDA:48,0,1,0
BRDA:86,1,0,6
BRDA:86,1,1,3
BRDA:88,2,0,9
BRDA:88,2,1,6
BRDA:98,3,0,1
BRDA:98,3,1,8
BRDA:100,4,0,9
BRDA:100,4,1,1
BRDA:110,5,0,2
BRDA:110,5,1,7
BRDA:112,6,0,9
BRDA:112,6,1,2
BRDA:134,7,0,9
BRDA:134,7,1,1
BRF:16
BRH:15
end_of_record
TN:
SF:src/PMComposeController.tsx
FN:51,(anonymous_14)
FN:125,(anonymous_15)
FN:125,(anonymous_16)
FN:174,(anonymous_17)
FN:183,(anonymous_18)
FN:192,(anonymous_19)
FN:201,(anonymous_20)
FN:205,(anonymous_21)
FN:213,(anonymous_22)
FN:89,(anonymous_23)
FN:94,(anonymous_26)
FNF:11
FNH:11
FNDA:1,(anonymous_14)
FNDA:1,(anonymous_15)
FNDA:1,(anonymous_16)
FNDA:1,(anonymous_17)
FNDA:1,(anonymous_18)
FNDA:1,(anonymous_19)
FNDA:1,(anonymous_20)
FNDA:1,(anonymous_21)
FNDA:1,(anonymous_22)
FNDA:1,(anonymous_23)
FNDA:2,(anonymous_26)
DA:2,1
DA:3,1
DA:4,1
DA:7,1
DA:10,1
DA:11,1
DA:14,1
DA:46,1
DA:48,1
DA:52,1
DA:53,1
DA:54,1
DA:55,1
DA:56,1
DA:58,1
DA:69,1
DA:82,1
DA:90,1
DA:91,1
DA:95,2
DA:97,2
DA:98,1
DA:102,1
DA:106,1
DA:109,1
DA:110,1
DA:111,1
DA:112,1
DA:114,0
DA:125,1
DA:126,1
DA:128,1
DA:134,1
DA:135,1
DA:136,1
DA:137,1
DA:138,0
DA:145,1
DA:147,1
DA:150,1
DA:152,1
DA:157,1
DA:161,1
DA:166,1
DA:170,1
DA:171,1
DA:174,1
DA:175,1
DA:183,1
DA:184,1
DA:192,1
DA:193,1
DA:201,1
DA:202,1
DA:205,1
DA:206,1
DA:213,1
DA:214,1
DA:215,1
DA:216,0
DA:217,1
DA:218,0
DA:220,1
DA:221,1
LF:64
LH:60
BRDA:137,0,0,0
BRDA:139,1,0,0
BRDA:139,1,1,0
BRDA:139,2,0,0
BRDA:139,2,1,0
BRDA:140,3,0,0
BRDA:140,3,1,0
BRDA:140,4,0,0
BRDA:140,4,1,0
BRDA:141,5,0,0
BRDA:141,5,1,0
BRDA:141,6,0,0
BRDA:141,6,1,0
BRDA:215,7,0,0
BRDA:215,7,1,1
BRDA:217,8,0,0
BRDA:217,8,1,1
BRDA:97,9,0,1
BRDA:109,10,0,1
BRDA:110,11,0,1
BRDA:110,11,1,0
BRF:21
BRH:5
end_of_record
TN:
SF:src/PmChatView.tsx
FN:30,(anonymous_7)
FN:38,(anonymous_8)
FN:51,(anonymous_9)
FN:112,(anonymous_10)
FN:113,(anonymous_11)
FN:128,(anonymous_12)
FNF:6
FNH:3
FNDA:1,(anonymous_7)
FNDA:0,(anonymous_8)
FNDA:4,(anonymous_9)
FNDA:0,(anonymous_10)
FNDA:0,(anonymous_11)
FNDA:1,(anonymous_12)
DA:1,1
DA:4,1
DA:15,1
DA:20,1
DA:21,1
DA:22,1
DA:23,1
DA:24,1
DA:25,1
DA:26,1
DA:27,1
DA:29,1
DA:31,1
DA:38,1
DA:39,0
DA:40,0
DA:54,4
DA:55,4
DA:56,4
DA:57,4
DA:112,0
DA:113,0
DA:128,1
DA:148,1
LF:24
LH:20
BRDA:39,0,0,0
BRDA:39,0,1,0
BRDA:42,1,0,0
BRDA:42,1,1,0
BRDA:75,2,0,0
BRDA:75,2,1,4
BRDA:83,3,0,0
BRDA:83,3,1,4
BRDA:83,4,0,4
BRDA:83,4,1,4
BRDA:88,5,0,0
BRDA:88,5,1,4
BRDA:88,6,0,4
BRDA:88,6,1,4
BRDA:101,7,0,3
BRDA:101,7,1,1
BRDA:133,8,0,0
BRDA:133,8,1,4
BRDA:133,9,0,4
BRDA:133,9,1,4
BRF:20
BRH:12
end_of_record
TN:
SF:src/PmChatViewController.tsx
FN:104,(anonymous_14)
FN:172,(anonymous_15)
FN:176,(anonymous_16)
FN:176,(anonymous_17)
FN:218,(anonymous_18)
FN:287,(anonymous_19)
FN:153,(anonymous_20)
FN:161,(anonymous_23)
FN:168,(anonymous_24)
FN:223,(anonymous_26)
FN:241,(anonymous_28)
FN:291,(anonymous_29)
FN:323,(anonymous_30)
FN:353,(anonymous_32)
FN:391,(anonymous_33)
FNF:15
FNH:13
FNDA:1,(anonymous_14)
FNDA:1,(anonymous_15)
FNDA:1,(anonymous_16)
FNDA:1,(anonymous_17)
FNDA:1,(anonymous_18)
FNDA:1,(anonymous_19)
FNDA:1,(anonymous_20)
FNDA:0,(anonymous_23)
FNDA:1,(anonymous_24)
FNDA:3,(anonymous_26)
FNDA:1,(anonymous_28)
FNDA:2,(anonymous_29)
FNDA:0,(anonymous_30)
FNDA:1,(anonymous_32)
FNDA:1,(anonymous_33)
DA:2,1
DA:3,1
DA:4,1
DA:7,1
DA:10,1
DA:15,1
DA:16,1
DA:17,1
DA:20,1
DA:89,1
DA:91,1
DA:92,1
DA:93,1
DA:97,1
DA:98,1
DA:99,1
DA:100,1
DA:101,1
DA:105,1
DA:106,1
DA:109,1
DA:110,1
DA:111,1
DA:112,1
DA:113,1
DA:114,1
DA:115,1
DA:118,1
DA:126,1
DA:145,1
DA:147,1
DA:148,1
DA:154,1
DA:155,1
DA:156,1
DA:157,1
DA:158,1
DA:159,1
DA:161,0
DA:164,1
DA:165,1
DA:169,1
DA:172,1
DA:173,1
DA:176,1
DA:177,1
DA:180,1
DA:182,1
DA:183,1
DA:188,1
DA:189,1
DA:190,1
DA:191,1
DA:196,1
DA:202,1
DA:204,1
DA:209,1
DA:213,1
DA:214,1
DA:217,1
DA:219,1
DA:224,3
DA:225,3
DA:228,3
DA:231,3
DA:233,0
DA:234,0
DA:237,1
DA:242,1
DA:244,1
DA:245,1
DA:249,1
DA:252,1
DA:253,1
DA:255,0
DA:261,1
DA:265,1
DA:266,1
DA:270,0
DA:271,0
DA:274,0
DA:277,0
DA:278,0
DA:279,0
DA:280,0
DA:281,0
DA:287,1
DA:288,1
DA:292,2
DA:295,2
DA:297,2
DA:301,2
DA:306,2
DA:311,2
DA:316,2
DA:320,2
DA:324,0
DA:327,0
DA:329,0
DA:332,0
DA:337,0
DA:342,0
DA:346,0
DA:350,0
DA:354,1
DA:357,1
DA:359,1
DA:360,1
DA:364,1
DA:369,1
DA:374,1
DA:375,1
DA:376,0
DA:378,1
DA:380,1
DA:384,1
DA:388,1
DA:392,1
DA:393,1
DA:397,1
LF:120
LH:99
BRDA:224,0,0,3
BRDA:224,0,1,0
BRDA:231,1,0,0
BRDA:231,1,1,1
BRDA:231,1,2,1
BRDA:231,1,3,1
BRDA:239,2,0,0
BRDA:239,2,1,1
BRDA:239,3,0,1
BRDA:239,3,1,1
BRDA:242,4,0,1
BRDA:242,5,0,1
BRDA:242,5,1,1
BRDA:252,6,0,1
BRDA:252,6,1,0
BRDA:270,7,0,0
BRDA:277,8,0,0
BRDA:279,9,0,0
BRDA:279,10,0,0
BRDA:279,10,1,0
BRDA:375,11,0,0
BRDA:375,11,1,1
BRF:22
BRH:12
end_of_record
TN:
SF:src/assets.tsx
FNF:0
FNH:0
DA:1,4
DA:2,4
DA:4,4
DA:5,4
DA:6,4
DA:7,4
DA:8,4
DA:9,4
DA:10,4
DA:11,4
DA:12,4
DA:13,4
DA:14,4
LF:13
LH:13
BRF:0
BRH:0
end_of_record
TN:
SF:src/config.js
FNF:0
FNH:0
DA:1,5
DA:6,5
DA:7,5
DA:8,5
DA:9,5
DA:10,5
DA:12,5
DA:13,5
DA:14,5
DA:15,5
DA:16,5
DA:17,5
DA:18,5
DA:19,5
DA:20,5
DA:21,5
DA:22,5
DA:24,5
DA:26,5
DA:27,5
DA:28,5
DA:29,5
DA:30,5
DA:31,5
DA:32,5
DA:33,5
DA:34,5
DA:35,5
DA:37,5
DA:38,5
DA:39,5
DA:40,5
DA:41,5
DA:42,5
DA:43,5
DA:44,5
DA:46,5
DA:47,5
DA:48,5
DA:49,5
LF:40
LH:40
BRF:0
BRH:0
end_of_record
TN:
SF:src/components/LockedMessage.tsx
FN:14,(anonymous_7)
FN:18,(anonymous_8)
FN:42,(anonymous_9)
FNF:3
FNH:3
FNDA:1,(anonymous_7)
FNDA:1,(anonymous_8)
FNDA:1,(anonymous_9)
DA:1,1
DA:2,1
DA:3,1
DA:4,1
DA:5,1
DA:7,1
DA:13,1
DA:15,1
DA:17,1
DA:19,1
DA:42,1
DA:50,1
DA:116,1
LF:13
LH:13
BRDA:21,0,0,0
BRDA:21,0,1,1
BRDA:22,1,0,0
BRDA:22,1,1,1
BRDA:24,2,0,1
BRDA:24,2,1,1
BRDA:33,3,0,1
BRDA:33,3,1,0
BRDA:33,4,0,1
BRDA:33,4,1,1
BRDA:33,5,0,0
BRDA:33,5,1,1
BRDA:33,6,0,1
BRDA:33,6,1,1
BRF:14
BRH:10
end_of_record
TN:
SF:src/components/MessageView.tsx
FN:13,(anonymous_7)
FN:17,(anonymous_8)
FNF:2
FNH:2
FNDA:1,(anonymous_7)
FNDA:1,(anonymous_8)
DA:1,1
DA:2,1
DA:3,1
DA:4,1
DA:6,1
DA:7,1
DA:12,1
DA:14,1
DA:16,1
DA:18,1
DA:51,1
DA:126,1
LF:12
LH:12
BRDA:20,0,0,0
BRDA:20,0,1,1
BRDA:21,1,0,0
BRDA:21,1,1,1
BRDA:22,2,0,0
BRDA:22,2,1,1
BRDA:24,3,0,1
BRDA:24,3,1,1
BRDA:25,4,0,1
BRDA:25,4,1,0
BRDA:25,5,0,1
BRDA:25,5,1,1
BRDA:30,6,0,1
BRDA:30,6,1,1
BRDA:31,7,0,1
BRDA:31,7,1,0
BRDA:31,8,0,0
BRDA:31,8,1,1
BRDA:31,9,0,1
BRDA:31,9,1,1
BRDA:31,10,0,0
BRDA:31,10,1,1
BRDA:31,11,0,1
BRDA:31,11,1,1
BRDA:31,12,0,0
BRDA:31,12,1,1
BRDA:31,13,0,1
BRDA:31,13,1,1
BRDA:31,14,0,0
BRDA:31,14,1,1
BRDA:31,15,0,1
BRDA:31,15,1,1
BRDA:37,16,0,0
BRDA:37,16,1,1
BRDA:37,17,0,1
BRDA:37,17,1,1
BRDA:37,18,0,0
BRDA:37,18,1,1
BRDA:37,19,0,1
BRDA:37,19,1,1
BRF:40
BRH:29
end_of_record
